<?xml version="1.0" encoding="UTF-8"?>
<coverage generated="1721917962354" clover="3.2.0">
  <project timestamp="1721917962354" name="All files">
    <metrics statements="143" coveredstatements="143" conditionals="42" coveredconditionals="42" methods="40" coveredmethods="40" elements="225" coveredelements="225" complexity="0" loc="143" ncloc="143" packages="2" files="16" classes="16"/>
    <package name="models">
      <metrics statements="129" coveredstatements="129" conditionals="42" coveredconditionals="42" methods="33" coveredmethods="33"/>
      <file name="Articulo.js" path="C:\Users\ivan_\OneDrive\Desktop\Maestria\TECNICAS Y HERRAMIENTAS\TyH 2024\TyH2024-Tpfinal\src\models\Articulo.js">
        <metrics statements="27" coveredstatements="27" conditionals="21" coveredconditionals="21" methods="6" coveredmethods="6"/>
        <line num="1" count="2" type="stmt"/>
        <line num="6" count="29" type="cond" truecount="2" falsecount="0"/>
        <line num="7" count="1" type="stmt"/>
        <line num="10" count="28" type="cond" truecount="5" falsecount="0"/>
        <line num="11" count="1" type="stmt"/>
        <line num="13" count="27" type="stmt"/>
        <line num="14" count="27" type="stmt"/>
        <line num="15" count="27" type="stmt"/>
        <line num="16" count="27" type="stmt"/>
        <line num="17" count="27" type="stmt"/>
        <line num="18" count="27" type="stmt"/>
        <line num="19" count="27" type="stmt"/>
        <line num="20" count="27" type="stmt"/>
        <line num="22" count="27" type="cond" truecount="4" falsecount="0"/>
        <line num="23" count="23" type="stmt"/>
        <line num="24" count="4" type="cond" truecount="2" falsecount="0"/>
        <line num="25" count="1" type="stmt"/>
        <line num="27" count="3" type="stmt"/>
        <line num="32" count="2" type="stmt"/>
        <line num="36" count="2" type="stmt"/>
        <line num="40" count="3" type="cond" truecount="4" falsecount="0"/>
        <line num="41" count="2" type="stmt"/>
        <line num="43" count="1" type="stmt"/>
        <line num="48" count="2" type="cond" truecount="2" falsecount="0"/>
        <line num="49" count="1" type="stmt"/>
        <line num="51" count="1" type="stmt"/>
        <line num="56" count="2" type="stmt"/>
      </file>
      <file name="ArticuloPoster.js" path="C:\Users\ivan_\OneDrive\Desktop\Maestria\TECNICAS Y HERRAMIENTAS\TyH 2024\TyH2024-Tpfinal\src\models\ArticuloPoster.js">
        <metrics statements="5" coveredstatements="5" conditionals="1" coveredconditionals="1" methods="1" coveredmethods="1"/>
        <line num="1" count="2" type="stmt"/>
        <line num="2" count="2" type="stmt"/>
        <line num="6" count="14" type="stmt"/>
        <line num="7" count="12" type="stmt"/>
        <line num="11" count="2" type="stmt"/>
      </file>
      <file name="ArticuloRegular.js" path="C:\Users\ivan_\OneDrive\Desktop\Maestria\TECNICAS Y HERRAMIENTAS\TyH 2024\TyH2024-Tpfinal\src\models\ArticuloRegular.js">
        <metrics statements="5" coveredstatements="5" conditionals="2" coveredconditionals="2" methods="1" coveredmethods="1"/>
        <line num="1" count="2" type="stmt"/>
        <line num="2" count="2" type="stmt"/>
        <line num="6" count="13" type="stmt"/>
        <line num="7" count="13" type="stmt"/>
        <line num="11" count="2" type="stmt"/>
      </file>
      <file name="Bid.js" path="C:\Users\ivan_\OneDrive\Desktop\Maestria\TECNICAS Y HERRAMIENTAS\TyH 2024\TyH2024-Tpfinal\src\models\Bid.js">
        <metrics statements="3" coveredstatements="3" conditionals="0" coveredconditionals="0" methods="1" coveredmethods="1"/>
        <line num="1" count="1" type="stmt"/>
        <line num="5" count="3" type="stmt"/>
        <line num="9" count="1" type="stmt"/>
      </file>
      <file name="Conferencia.js" path="C:\Users\ivan_\OneDrive\Desktop\Maestria\TECNICAS Y HERRAMIENTAS\TyH 2024\TyH2024-Tpfinal\src\models\Conferencia.js">
        <metrics statements="19" coveredstatements="19" conditionals="4" coveredconditionals="4" methods="2" coveredmethods="2"/>
        <line num="1" count="1" type="stmt"/>
        <line num="2" count="1" type="stmt"/>
        <line num="3" count="1" type="stmt"/>
        <line num="4" count="1" type="stmt"/>
        <line num="8" count="1" type="stmt"/>
        <line num="9" count="1" type="stmt"/>
        <line num="10" count="1" type="stmt"/>
        <line num="11" count="1" type="stmt"/>
        <line num="16" count="4" type="cond" truecount="4" falsecount="0"/>
        <line num="18" count="1" type="stmt"/>
        <line num="19" count="1" type="stmt"/>
        <line num="21" count="1" type="stmt"/>
        <line num="22" count="1" type="stmt"/>
        <line num="24" count="1" type="stmt"/>
        <line num="25" count="1" type="stmt"/>
        <line num="27" count="1" type="stmt"/>
        <line num="29" count="3" type="stmt"/>
        <line num="30" count="3" type="stmt"/>
        <line num="34" count="1" type="stmt"/>
      </file>
      <file name="Revision.js" path="C:\Users\ivan_\OneDrive\Desktop\Maestria\TECNICAS Y HERRAMIENTAS\TyH 2024\TyH2024-Tpfinal\src\models\Revision.js">
        <metrics statements="5" coveredstatements="5" conditionals="0" coveredconditionals="0" methods="1" coveredmethods="1"/>
        <line num="1" count="1" type="stmt"/>
        <line num="5" count="3" type="stmt"/>
        <line num="6" count="3" type="stmt"/>
        <line num="7" count="3" type="stmt"/>
        <line num="11" count="1" type="stmt"/>
      </file>
      <file name="Rol.js" path="C:\Users\ivan_\OneDrive\Desktop\Maestria\TECNICAS Y HERRAMIENTAS\TyH 2024\TyH2024-Tpfinal\src\models\Rol.js">
        <metrics statements="2" coveredstatements="2" conditionals="0" coveredconditionals="0" methods="1" coveredmethods="1"/>
        <line num="3" count="3" type="stmt"/>
        <line num="7" count="1" type="stmt"/>
      </file>
      <file name="Sesion.js" path="C:\Users\ivan_\OneDrive\Desktop\Maestria\TECNICAS Y HERRAMIENTAS\TyH 2024\TyH2024-Tpfinal\src\models\Sesion.js">
        <metrics statements="13" coveredstatements="13" conditionals="2" coveredconditionals="2" methods="4" coveredmethods="4"/>
        <line num="1" count="2" type="stmt"/>
        <line num="5" count="16" type="cond" truecount="2" falsecount="0"/>
        <line num="6" count="2" type="stmt"/>
        <line num="8" count="14" type="stmt"/>
        <line num="9" count="14" type="stmt"/>
        <line num="10" count="14" type="stmt"/>
        <line num="11" count="14" type="stmt"/>
        <line num="12" count="14" type="stmt"/>
        <line num="13" count="14" type="stmt"/>
        <line num="17" count="1" type="stmt"/>
        <line num="21" count="1" type="stmt"/>
        <line num="25" count="1" type="stmt"/>
        <line num="29" count="2" type="stmt"/>
      </file>
      <file name="SesionPoster.js" path="C:\Users\ivan_\OneDrive\Desktop\Maestria\TECNICAS Y HERRAMIENTAS\TyH 2024\TyH2024-Tpfinal\src\models\SesionPoster.js">
        <metrics statements="11" coveredstatements="11" conditionals="4" coveredconditionals="4" methods="4" coveredmethods="4"/>
        <line num="1" count="2" type="stmt"/>
        <line num="2" count="2" type="stmt"/>
        <line num="6" count="5" type="stmt"/>
        <line num="10" count="1" type="stmt"/>
        <line num="14" count="2" type="cond" truecount="2" falsecount="0"/>
        <line num="15" count="1" type="stmt"/>
        <line num="17" count="1" type="stmt"/>
        <line num="21" count="7" type="cond" truecount="2" falsecount="0"/>
        <line num="22" count="6" type="stmt"/>
        <line num="24" count="1" type="stmt"/>
        <line num="29" count="2" type="stmt"/>
      </file>
      <file name="SesionRegular.js" path="C:\Users\ivan_\OneDrive\Desktop\Maestria\TECNICAS Y HERRAMIENTAS\TyH 2024\TyH2024-Tpfinal\src\models\SesionRegular.js">
        <metrics statements="11" coveredstatements="11" conditionals="4" coveredconditionals="4" methods="4" coveredmethods="4"/>
        <line num="1" count="2" type="stmt"/>
        <line num="2" count="2" type="stmt"/>
        <line num="6" count="4" type="stmt"/>
        <line num="10" count="1" type="stmt"/>
        <line num="14" count="2" type="cond" truecount="2" falsecount="0"/>
        <line num="15" count="1" type="stmt"/>
        <line num="17" count="1" type="stmt"/>
        <line num="21" count="7" type="cond" truecount="2" falsecount="0"/>
        <line num="22" count="6" type="stmt"/>
        <line num="24" count="1" type="stmt"/>
        <line num="29" count="2" type="stmt"/>
      </file>
      <file name="SesionWorkshop.js" path="C:\Users\ivan_\OneDrive\Desktop\Maestria\TECNICAS Y HERRAMIENTAS\TyH 2024\TyH2024-Tpfinal\src\models\SesionWorkshop.js">
        <metrics statements="15" coveredstatements="15" conditionals="4" coveredconditionals="4" methods="5" coveredmethods="5"/>
        <line num="3" count="2" type="stmt"/>
        <line num="4" count="2" type="stmt"/>
        <line num="8" count="4" type="stmt"/>
        <line num="9" count="4" type="stmt"/>
        <line num="13" count="2" type="stmt"/>
        <line num="17" count="2" type="stmt"/>
        <line num="18" count="2" type="stmt"/>
        <line num="19" count="2" type="stmt"/>
        <line num="20" count="8" type="stmt"/>
        <line num="21" count="2" type="stmt"/>
        <line num="23" count="2" type="stmt"/>
        <line num="27" count="7" type="cond" truecount="4" falsecount="0"/>
        <line num="28" count="6" type="stmt"/>
        <line num="30" count="1" type="stmt"/>
        <line num="35" count="2" type="stmt"/>
      </file>
      <file name="Usuario.js" path="C:\Users\ivan_\OneDrive\Desktop\Maestria\TECNICAS Y HERRAMIENTAS\TyH 2024\TyH2024-Tpfinal\src\models\Usuario.js">
        <metrics statements="8" coveredstatements="8" conditionals="0" coveredconditionals="0" methods="3" coveredmethods="3"/>
        <line num="3" count="32" type="stmt"/>
        <line num="4" count="32" type="stmt"/>
        <line num="5" count="32" type="stmt"/>
        <line num="6" count="32" type="stmt"/>
        <line num="7" count="32" type="stmt"/>
        <line num="11" count="3" type="stmt"/>
        <line num="17" count="2" type="stmt"/>
        <line num="21" count="3" type="stmt"/>
      </file>
      <file name="enums.js" path="C:\Users\ivan_\OneDrive\Desktop\Maestria\TECNICAS Y HERRAMIENTAS\TyH 2024\TyH2024-Tpfinal\src\models\enums.js">
        <metrics statements="5" coveredstatements="5" conditionals="0" coveredconditionals="0" methods="0" coveredmethods="0"/>
        <line num="1" count="5" type="stmt"/>
        <line num="7" count="5" type="stmt"/>
        <line num="12" count="5" type="stmt"/>
        <line num="22" count="5" type="stmt"/>
        <line num="28" count="5" type="stmt"/>
      </file>
    </package>
    <package name="strategies">
      <metrics statements="14" coveredstatements="14" conditionals="0" coveredconditionals="0" methods="7" coveredmethods="7"/>
      <file name="MetodoSeleccion.js" path="C:\Users\ivan_\OneDrive\Desktop\Maestria\TECNICAS Y HERRAMIENTAS\TyH 2024\TyH2024-Tpfinal\src\strategies\MetodoSeleccion.js">
        <metrics statements="2" coveredstatements="2" conditionals="0" coveredconditionals="0" methods="1" coveredmethods="1"/>
        <line num="3" count="1" type="stmt"/>
        <line num="7" count="1" type="stmt"/>
      </file>
      <file name="MetodoSeleccionCorteFijo.js" path="C:\Users\ivan_\OneDrive\Desktop\Maestria\TECNICAS Y HERRAMIENTAS\TyH 2024\TyH2024-Tpfinal\src\strategies\MetodoSeleccionCorteFijo.js">
        <metrics statements="7" coveredstatements="7" conditionals="0" coveredconditionals="0" methods="3" coveredmethods="3"/>
        <line num="1" count="1" type="stmt"/>
        <line num="5" count="2" type="stmt"/>
        <line num="6" count="2" type="stmt"/>
        <line num="10" count="3" type="stmt"/>
        <line num="11" count="2" type="stmt"/>
        <line num="12" count="2" type="stmt"/>
        <line num="16" count="1" type="stmt"/>
      </file>
      <file name="MetodoSeleccionMejores.js" path="C:\Users\ivan_\OneDrive\Desktop\Maestria\TECNICAS Y HERRAMIENTAS\TyH 2024\TyH2024-Tpfinal\src\strategies\MetodoSeleccionMejores.js">
        <metrics statements="5" coveredstatements="5" conditionals="0" coveredconditionals="0" methods="3" coveredmethods="3"/>
        <line num="1" count="1" type="stmt"/>
        <line num="5" count="2" type="stmt"/>
        <line num="6" count="2" type="stmt"/>
        <line num="10" count="5" type="stmt"/>
        <line num="14" count="1" type="stmt"/>
      </file>
    </package>
  </project>
</coverage>
