{"C:\\Users\\ivan_\\OneDrive\\Desktop\\Maestria\\TECNICAS Y HERRAMIENTAS\\TyH 2024\\TyH2024-Tpfinal\\src\\models\\Articulo.js": {"path":"C:\\Users\\ivan_\\OneDrive\\Desktop\\Maestria\\TECNICAS Y HERRAMIENTAS\\TyH 2024\\TyH2024-Tpfinal\\src\\models\\Articulo.js","statementMap":{"0":{"start":{"line":1,"column":41},"end":{"line":1,"column":59}},"1":{"start":{"line":5,"column":4},"end":{"line":7,"column":5}},"2":{"start":{"line":6,"column":6},"end":{"line":6,"column":60}},"3":{"start":{"line":9,"column":4},"end":{"line":15,"column":5}},"4":{"start":{"line":14,"column":6},"end":{"line":14,"column":62}},"5":{"start":{"line":16,"column":4},"end":{"line":16,"column":25}},"6":{"start":{"line":17,"column":4},"end":{"line":17,"column":47}},"7":{"start":{"line":18,"column":4},"end":{"line":18,"column":43}},"8":{"start":{"line":19,"column":4},"end":{"line":19,"column":31}},"9":{"start":{"line":20,"column":4},"end":{"line":20,"column":21}},"10":{"start":{"line":21,"column":4},"end":{"line":21,"column":24}},"11":{"start":{"line":22,"column":4},"end":{"line":22,"column":27}},"12":{"start":{"line":23,"column":4},"end":{"line":23,"column":25}},"13":{"start":{"line":24,"column":4},"end":{"line":24,"column":26}},"14":{"start":{"line":25,"column":4},"end":{"line":25,"column":24}},"15":{"start":{"line":27,"column":4},"end":{"line":33,"column":5}},"16":{"start":{"line":28,"column":6},"end":{"line":28,"column":43}},"17":{"start":{"line":29,"column":11},"end":{"line":33,"column":5}},"18":{"start":{"line":30,"column":6},"end":{"line":30,"column":79}},"19":{"start":{"line":32,"column":6},"end":{"line":32,"column":39}},"20":{"start":{"line":37,"column":4},"end":{"line":37,"column":34}},"21":{"start":{"line":41,"column":4},"end":{"line":41,"column":64}},"22":{"start":{"line":41,"column":41},"end":{"line":41,"column":62}},"23":{"start":{"line":45,"column":4},"end":{"line":49,"column":5}},"24":{"start":{"line":46,"column":6},"end":{"line":46,"column":31}},"25":{"start":{"line":48,"column":6},"end":{"line":48,"column":49}},"26":{"start":{"line":53,"column":4},"end":{"line":57,"column":5}},"27":{"start":{"line":54,"column":6},"end":{"line":54,"column":34}},"28":{"start":{"line":56,"column":6},"end":{"line":56,"column":79}},"29":{"start":{"line":61,"column":4},"end":{"line":61,"column":32}},"30":{"start":{"line":65,"column":4},"end":{"line":67,"column":5}},"31":{"start":{"line":66,"column":6},"end":{"line":66,"column":66}},"32":{"start":{"line":68,"column":4},"end":{"line":68,"column":35}},"33":{"start":{"line":69,"column":4},"end":{"line":69,"column":28}},"34":{"start":{"line":73,"column":4},"end":{"line":81,"column":5}},"35":{"start":{"line":74,"column":27},"end":{"line":77,"column":7}},"36":{"start":{"line":75,"column":22},"end":{"line":75,"column":39}},"37":{"start":{"line":78,"column":6},"end":{"line":78,"column":59}},"38":{"start":{"line":80,"column":6},"end":{"line":80,"column":26}},"39":{"start":{"line":85,"column":0},"end":{"line":85,"column":26}}},"fnMap":{"0":{"name":"(anonymous_0)","decl":{"start":{"line":4,"column":2},"end":{"line":4,"column":3}},"loc":{"start":{"line":4,"column":79},"end":{"line":34,"column":3}},"line":4},"1":{"name":"(anonymous_1)","decl":{"start":{"line":36,"column":2},"end":{"line":36,"column":3}},"loc":{"start":{"line":36,"column":24},"end":{"line":38,"column":3}},"line":36},"2":{"name":"(anonymous_2)","decl":{"start":{"line":40,"column":2},"end":{"line":40,"column":3}},"loc":{"start":{"line":40,"column":20},"end":{"line":42,"column":3}},"line":40},"3":{"name":"(anonymous_3)","decl":{"start":{"line":41,"column":27},"end":{"line":41,"column":28}},"loc":{"start":{"line":41,"column":41},"end":{"line":41,"column":62}},"line":41},"4":{"name":"(anonymous_4)","decl":{"start":{"line":44,"column":2},"end":{"line":44,"column":3}},"loc":{"start":{"line":44,"column":18},"end":{"line":50,"column":3}},"line":44},"5":{"name":"(anonymous_5)","decl":{"start":{"line":52,"column":2},"end":{"line":52,"column":3}},"loc":{"start":{"line":52,"column":27},"end":{"line":58,"column":3}},"line":52},"6":{"name":"(anonymous_6)","decl":{"start":{"line":60,"column":2},"end":{"line":60,"column":3}},"loc":{"start":{"line":60,"column":23},"end":{"line":62,"column":3}},"line":60},"7":{"name":"(anonymous_7)","decl":{"start":{"line":64,"column":2},"end":{"line":64,"column":3}},"loc":{"start":{"line":64,"column":24},"end":{"line":70,"column":3}},"line":64},"8":{"name":"(anonymous_8)","decl":{"start":{"line":72,"column":2},"end":{"line":72,"column":3}},"loc":{"start":{"line":72,"column":21},"end":{"line":82,"column":3}},"line":72},"9":{"name":"(anonymous_9)","decl":{"start":{"line":75,"column":8},"end":{"line":75,"column":9}},"loc":{"start":{"line":75,"column":22},"end":{"line":75,"column":39}},"line":75}},"branchMap":{"0":{"loc":{"start":{"line":4,"column":56},"end":{"line":4,"column":77}},"type":"default-arg","locations":[{"start":{"line":4,"column":73},"end":{"line":4,"column":77}}],"line":4},"1":{"loc":{"start":{"line":5,"column":4},"end":{"line":7,"column":5}},"type":"if","locations":[{"start":{"line":5,"column":4},"end":{"line":7,"column":5}},{"start":{},"end":{}}],"line":5},"2":{"loc":{"start":{"line":9,"column":4},"end":{"line":15,"column":5}},"type":"if","locations":[{"start":{"line":9,"column":4},"end":{"line":15,"column":5}},{"start":{},"end":{}}],"line":9},"3":{"loc":{"start":{"line":10,"column":6},"end":{"line":12,"column":25}},"type":"binary-expr","locations":[{"start":{"line":10,"column":6},"end":{"line":10,"column":29}},{"start":{"line":11,"column":6},"end":{"line":11,"column":26}},{"start":{"line":12,"column":6},"end":{"line":12,"column":25}}],"line":10},"4":{"loc":{"start":{"line":27,"column":4},"end":{"line":33,"column":5}},"type":"if","locations":[{"start":{"line":27,"column":4},"end":{"line":33,"column":5}},{"start":{"line":29,"column":11},"end":{"line":33,"column":5}}],"line":27},"5":{"loc":{"start":{"line":27,"column":8},"end":{"line":27,"column":58}},"type":"binary-expr","locations":[{"start":{"line":27,"column":8},"end":{"line":27,"column":22}},{"start":{"line":27,"column":26},"end":{"line":27,"column":58}}],"line":27},"6":{"loc":{"start":{"line":29,"column":11},"end":{"line":33,"column":5}},"type":"if","locations":[{"start":{"line":29,"column":11},"end":{"line":33,"column":5}},{"start":{"line":31,"column":11},"end":{"line":33,"column":5}}],"line":29},"7":{"loc":{"start":{"line":45,"column":4},"end":{"line":49,"column":5}},"type":"if","locations":[{"start":{"line":45,"column":4},"end":{"line":49,"column":5}},{"start":{"line":47,"column":11},"end":{"line":49,"column":5}}],"line":45},"8":{"loc":{"start":{"line":45,"column":8},"end":{"line":45,"column":46}},"type":"binary-expr","locations":[{"start":{"line":45,"column":8},"end":{"line":45,"column":13}},{"start":{"line":45,"column":17},"end":{"line":45,"column":46}}],"line":45},"9":{"loc":{"start":{"line":53,"column":4},"end":{"line":57,"column":5}},"type":"if","locations":[{"start":{"line":53,"column":4},"end":{"line":57,"column":5}},{"start":{"line":55,"column":11},"end":{"line":57,"column":5}}],"line":53},"10":{"loc":{"start":{"line":65,"column":4},"end":{"line":67,"column":5}},"type":"if","locations":[{"start":{"line":65,"column":4},"end":{"line":67,"column":5}},{"start":{},"end":{}}],"line":65},"11":{"loc":{"start":{"line":73,"column":4},"end":{"line":81,"column":5}},"type":"if","locations":[{"start":{"line":73,"column":4},"end":{"line":81,"column":5}},{"start":{"line":79,"column":11},"end":{"line":81,"column":5}}],"line":73}},"s":{"0":3,"1":58,"2":1,"3":57,"4":2,"5":55,"6":55,"7":55,"8":55,"9":55,"10":55,"11":55,"12":55,"13":55,"14":55,"15":55,"16":40,"17":15,"18":2,"19":13,"20":1,"21":1,"22":1,"23":3,"24":2,"25":1,"26":4,"27":2,"28":2,"29":2,"30":23,"31":3,"32":20,"33":20,"34":22,"35":20,"36":36,"37":20,"38":2,"39":3},"f":{"0":58,"1":1,"2":1,"3":1,"4":3,"5":4,"6":2,"7":23,"8":22,"9":36},"b":{"0":[1],"1":[1,57],"2":[2,55],"3":[57,57,56],"4":[40,15],"5":[55,42],"6":[2,13],"7":[2,1],"8":[3,3],"9":[2,2],"10":[3,20],"11":[20,2]},"_coverageSchema":"1a1c01bbd47fc00a2c39e90264f33305004495a9","hash":"f885a3eab3df34751d20ea33b73de2474a0dd4e6"}
,"C:\\Users\\ivan_\\OneDrive\\Desktop\\Maestria\\TECNICAS Y HERRAMIENTAS\\TyH 2024\\TyH2024-Tpfinal\\src\\models\\ArticuloPoster.js": {"path":"C:\\Users\\ivan_\\OneDrive\\Desktop\\Maestria\\TECNICAS Y HERRAMIENTAS\\TyH 2024\\TyH2024-Tpfinal\\src\\models\\ArticuloPoster.js","statementMap":{"0":{"start":{"line":1,"column":17},"end":{"line":1,"column":38}},"1":{"start":{"line":2,"column":25},"end":{"line":2,"column":43}},"2":{"start":{"line":6,"column":8},"end":{"line":6,"column":87}},"3":{"start":{"line":7,"column":8},"end":{"line":7,"column":37}},"4":{"start":{"line":11,"column":0},"end":{"line":11,"column":31}}},"fnMap":{"0":{"name":"(anonymous_0)","decl":{"start":{"line":5,"column":4},"end":{"line":5,"column":5}},"loc":{"start":{"line":5,"column":87},"end":{"line":8,"column":5}},"line":5}},"branchMap":{"0":{"loc":{"start":{"line":5,"column":64},"end":{"line":5,"column":85}},"type":"default-arg","locations":[{"start":{"line":5,"column":81},"end":{"line":5,"column":85}}],"line":5}},"s":{"0":2,"1":2,"2":17,"3":15,"4":2},"f":{"0":17},"b":{"0":[5]},"_coverageSchema":"1a1c01bbd47fc00a2c39e90264f33305004495a9","hash":"36f7fdb37d3b1a9dc5b8a64f014255ce32a848c5"}
,"C:\\Users\\ivan_\\OneDrive\\Desktop\\Maestria\\TECNICAS Y HERRAMIENTAS\\TyH 2024\\TyH2024-Tpfinal\\src\\models\\ArticuloRegular.js": {"path":"C:\\Users\\ivan_\\OneDrive\\Desktop\\Maestria\\TECNICAS Y HERRAMIENTAS\\TyH 2024\\TyH2024-Tpfinal\\src\\models\\ArticuloRegular.js","statementMap":{"0":{"start":{"line":1,"column":17},"end":{"line":1,"column":38}},"1":{"start":{"line":2,"column":25},"end":{"line":2,"column":43}},"2":{"start":{"line":6,"column":8},"end":{"line":6,"column":88}},"3":{"start":{"line":7,"column":8},"end":{"line":7,"column":33}},"4":{"start":{"line":8,"column":8},"end":{"line":10,"column":5}},"5":{"start":{"line":9,"column":12},"end":{"line":9,"column":78}},"6":{"start":{"line":11,"column":4},"end":{"line":11,"column":33}},"7":{"start":{"line":18,"column":0},"end":{"line":18,"column":33}}},"fnMap":{"0":{"name":"(anonymous_0)","decl":{"start":{"line":5,"column":4},"end":{"line":5,"column":5}},"loc":{"start":{"line":5,"column":102},"end":{"line":14,"column":5}},"line":5}},"branchMap":{"0":{"loc":{"start":{"line":5,"column":62},"end":{"line":5,"column":83}},"type":"default-arg","locations":[{"start":{"line":5,"column":79},"end":{"line":5,"column":83}}],"line":5},"1":{"loc":{"start":{"line":5,"column":85},"end":{"line":5,"column":100}},"type":"default-arg","locations":[{"start":{"line":5,"column":98},"end":{"line":5,"column":100}}],"line":5},"2":{"loc":{"start":{"line":8,"column":8},"end":{"line":10,"column":5}},"type":"if","locations":[{"start":{"line":8,"column":8},"end":{"line":10,"column":5}},{"start":{},"end":{}}],"line":8}},"s":{"0":3,"1":3,"2":39,"3":37,"4":37,"5":1,"6":36,"7":3},"f":{"0":39},"b":{"0":[10],"1":[29],"2":[1,36]},"_coverageSchema":"1a1c01bbd47fc00a2c39e90264f33305004495a9","hash":"bc711d5ca08584cfdc165f63a39475c5d93c1687"}
,"C:\\Users\\ivan_\\OneDrive\\Desktop\\Maestria\\TECNICAS Y HERRAMIENTAS\\TyH 2024\\TyH2024-Tpfinal\\src\\models\\Autor.js": {"path":"C:\\Users\\ivan_\\OneDrive\\Desktop\\Maestria\\TECNICAS Y HERRAMIENTAS\\TyH 2024\\TyH2024-Tpfinal\\src\\models\\Autor.js","statementMap":{"0":{"start":{"line":1,"column":16},"end":{"line":1,"column":36}},"1":{"start":{"line":5,"column":8},"end":{"line":5,"column":61}},"2":{"start":{"line":6,"column":8},"end":{"line":6,"column":33}},"3":{"start":{"line":10,"column":0},"end":{"line":10,"column":23}}},"fnMap":{"0":{"name":"(anonymous_0)","decl":{"start":{"line":4,"column":4},"end":{"line":4,"column":5}},"loc":{"start":{"line":4,"column":63},"end":{"line":7,"column":5}},"line":4}},"branchMap":{},"s":{"0":1,"1":36,"2":36,"3":1},"f":{"0":36},"b":{},"_coverageSchema":"1a1c01bbd47fc00a2c39e90264f33305004495a9","hash":"f17d07eca98e2dc3a7ad504cd6e3d612a3d15db7"}
,"C:\\Users\\ivan_\\OneDrive\\Desktop\\Maestria\\TECNICAS Y HERRAMIENTAS\\TyH 2024\\TyH2024-Tpfinal\\src\\models\\Bid.js": {"path":"C:\\Users\\ivan_\\OneDrive\\Desktop\\Maestria\\TECNICAS Y HERRAMIENTAS\\TyH 2024\\TyH2024-Tpfinal\\src\\models\\Bid.js","statementMap":{"0":{"start":{"line":1,"column":26},"end":{"line":1,"column":44}},"1":{"start":{"line":5,"column":8},"end":{"line":5,"column":43}},"2":{"start":{"line":9,"column":0},"end":{"line":9,"column":21}}},"fnMap":{"0":{"name":"(anonymous_0)","decl":{"start":{"line":4,"column":4},"end":{"line":4,"column":5}},"loc":{"start":{"line":4,"column":31},"end":{"line":6,"column":5}},"line":4}},"branchMap":{},"s":{"0":3,"1":5,"2":3},"f":{"0":5},"b":{},"_coverageSchema":"1a1c01bbd47fc00a2c39e90264f33305004495a9","hash":"279ee92aaa98bc8a9e59872674a1521d60010e5a"}
,"C:\\Users\\ivan_\\OneDrive\\Desktop\\Maestria\\TECNICAS Y HERRAMIENTAS\\TyH 2024\\TyH2024-Tpfinal\\src\\models\\Conferencia.js": {"path":"C:\\Users\\ivan_\\OneDrive\\Desktop\\Maestria\\TECNICAS Y HERRAMIENTAS\\TyH 2024\\TyH2024-Tpfinal\\src\\models\\Conferencia.js","statementMap":{"0":{"start":{"line":1,"column":22},"end":{"line":1,"column":48}},"1":{"start":{"line":2,"column":23},"end":{"line":2,"column":50}},"2":{"start":{"line":3,"column":21},"end":{"line":3,"column":46}},"3":{"start":{"line":4,"column":23},"end":{"line":4,"column":41}},"4":{"start":{"line":8,"column":8},"end":{"line":8,"column":29}},"5":{"start":{"line":9,"column":8},"end":{"line":9,"column":39}},"6":{"start":{"line":10,"column":8},"end":{"line":10,"column":33}},"7":{"start":{"line":11,"column":8},"end":{"line":11,"column":27}},"8":{"start":{"line":16,"column":8},"end":{"line":28,"column":9}},"9":{"start":{"line":18,"column":16},"end":{"line":18,"column":45}},"10":{"start":{"line":19,"column":16},"end":{"line":19,"column":22}},"11":{"start":{"line":21,"column":16},"end":{"line":21,"column":46}},"12":{"start":{"line":22,"column":16},"end":{"line":22,"column":22}},"13":{"start":{"line":24,"column":16},"end":{"line":24,"column":44}},"14":{"start":{"line":25,"column":16},"end":{"line":25,"column":22}},"15":{"start":{"line":27,"column":16},"end":{"line":27,"column":60}},"16":{"start":{"line":29,"column":8},"end":{"line":29,"column":35}},"17":{"start":{"line":30,"column":8},"end":{"line":30,"column":22}},"18":{"start":{"line":34,"column":0},"end":{"line":34,"column":29}}},"fnMap":{"0":{"name":"(anonymous_0)","decl":{"start":{"line":7,"column":4},"end":{"line":7,"column":5}},"loc":{"start":{"line":7,"column":47},"end":{"line":12,"column":5}},"line":7},"1":{"name":"(anonymous_1)","decl":{"start":{"line":14,"column":4},"end":{"line":14,"column":5}},"loc":{"start":{"line":14,"column":22},"end":{"line":31,"column":5}},"line":14}},"branchMap":{"0":{"loc":{"start":{"line":16,"column":8},"end":{"line":28,"column":9}},"type":"switch","locations":[{"start":{"line":17,"column":12},"end":{"line":19,"column":22}},{"start":{"line":20,"column":12},"end":{"line":22,"column":22}},{"start":{"line":23,"column":12},"end":{"line":25,"column":22}},{"start":{"line":26,"column":12},"end":{"line":27,"column":60}}],"line":16}},"s":{"0":1,"1":1,"2":1,"3":1,"4":1,"5":1,"6":1,"7":1,"8":4,"9":1,"10":1,"11":1,"12":1,"13":1,"14":1,"15":1,"16":3,"17":3,"18":1},"f":{"0":1,"1":4},"b":{"0":[1,1,1,1]},"_coverageSchema":"1a1c01bbd47fc00a2c39e90264f33305004495a9","hash":"11cef11a7287c231309c48181a88194573c7ae38"}
,"C:\\Users\\ivan_\\OneDrive\\Desktop\\Maestria\\TECNICAS Y HERRAMIENTAS\\TyH 2024\\TyH2024-Tpfinal\\src\\models\\Revision.js": {"path":"C:\\Users\\ivan_\\OneDrive\\Desktop\\Maestria\\TECNICAS Y HERRAMIENTAS\\TyH 2024\\TyH2024-Tpfinal\\src\\models\\Revision.js","statementMap":{"0":{"start":{"line":1,"column":26},"end":{"line":1,"column":44}},"1":{"start":{"line":6,"column":8},"end":{"line":8,"column":9}},"2":{"start":{"line":7,"column":12},"end":{"line":7,"column":76}},"3":{"start":{"line":10,"column":8},"end":{"line":10,"column":27}},"4":{"start":{"line":11,"column":8},"end":{"line":11,"column":31}},"5":{"start":{"line":12,"column":8},"end":{"line":12,"column":43}},"6":{"start":{"line":16,"column":0},"end":{"line":16,"column":26}}},"fnMap":{"0":{"name":"(anonymous_0)","decl":{"start":{"line":4,"column":4},"end":{"line":4,"column":5}},"loc":{"start":{"line":4,"column":47},"end":{"line":13,"column":5}},"line":4}},"branchMap":{"0":{"loc":{"start":{"line":6,"column":8},"end":{"line":8,"column":9}},"type":"if","locations":[{"start":{"line":6,"column":8},"end":{"line":8,"column":9}},{"start":{},"end":{}}],"line":6},"1":{"loc":{"start":{"line":6,"column":12},"end":{"line":6,"column":39}},"type":"binary-expr","locations":[{"start":{"line":6,"column":12},"end":{"line":6,"column":24}},{"start":{"line":6,"column":28},"end":{"line":6,"column":39}}],"line":6}},"s":{"0":4,"1":36,"2":1,"3":35,"4":35,"5":35,"6":4},"f":{"0":36},"b":{"0":[1,35],"1":[36,36]},"_coverageSchema":"1a1c01bbd47fc00a2c39e90264f33305004495a9","hash":"1c451e4925a83b5b2175792d8d54ebc73e64b86e"}
,"C:\\Users\\ivan_\\OneDrive\\Desktop\\Maestria\\TECNICAS Y HERRAMIENTAS\\TyH 2024\\TyH2024-Tpfinal\\src\\models\\Revisor.js": {"path":"C:\\Users\\ivan_\\OneDrive\\Desktop\\Maestria\\TECNICAS Y HERRAMIENTAS\\TyH 2024\\TyH2024-Tpfinal\\src\\models\\Revisor.js","statementMap":{"0":{"start":{"line":1,"column":16},"end":{"line":1,"column":36}},"1":{"start":{"line":2,"column":17},"end":{"line":2,"column":38}},"2":{"start":{"line":6,"column":8},"end":{"line":6,"column":61}},"3":{"start":{"line":7,"column":8},"end":{"line":7,"column":29}},"4":{"start":{"line":11,"column":25},"end":{"line":11,"column":68}},"5":{"start":{"line":12,"column":8},"end":{"line":12,"column":39}},"6":{"start":{"line":13,"column":8},"end":{"line":13,"column":39}},"7":{"start":{"line":17,"column":0},"end":{"line":17,"column":25}}},"fnMap":{"0":{"name":"(anonymous_0)","decl":{"start":{"line":5,"column":4},"end":{"line":5,"column":5}},"loc":{"start":{"line":5,"column":63},"end":{"line":8,"column":5}},"line":5},"1":{"name":"(anonymous_1)","decl":{"start":{"line":10,"column":4},"end":{"line":10,"column":5}},"loc":{"start":{"line":10,"column":62},"end":{"line":14,"column":5}},"line":10}},"branchMap":{},"s":{"0":1,"1":1,"2":4,"3":4,"4":8,"5":8,"6":7,"7":1},"f":{"0":4,"1":8},"b":{},"_coverageSchema":"1a1c01bbd47fc00a2c39e90264f33305004495a9","hash":"b40e6f7c6e488f874a85edb8e9525748b9bacf8b"}
,"C:\\Users\\ivan_\\OneDrive\\Desktop\\Maestria\\TECNICAS Y HERRAMIENTAS\\TyH 2024\\TyH2024-Tpfinal\\src\\models\\Rol.js": {"path":"C:\\Users\\ivan_\\OneDrive\\Desktop\\Maestria\\TECNICAS Y HERRAMIENTAS\\TyH 2024\\TyH2024-Tpfinal\\src\\models\\Rol.js","statementMap":{"0":{"start":{"line":3,"column":8},"end":{"line":3,"column":25}},"1":{"start":{"line":7,"column":0},"end":{"line":7,"column":21}}},"fnMap":{"0":{"name":"(anonymous_0)","decl":{"start":{"line":2,"column":4},"end":{"line":2,"column":5}},"loc":{"start":{"line":2,"column":22},"end":{"line":4,"column":5}},"line":2}},"branchMap":{},"s":{"0":3,"1":1},"f":{"0":3},"b":{},"_coverageSchema":"1a1c01bbd47fc00a2c39e90264f33305004495a9","hash":"6a10100d9b93055ca646b1a03cae094c53c41abe"}
,"C:\\Users\\ivan_\\OneDrive\\Desktop\\Maestria\\TECNICAS Y HERRAMIENTAS\\TyH 2024\\TyH2024-Tpfinal\\src\\models\\Sesion.js": {"path":"C:\\Users\\ivan_\\OneDrive\\Desktop\\Maestria\\TECNICAS Y HERRAMIENTAS\\TyH 2024\\TyH2024-Tpfinal\\src\\models\\Sesion.js","statementMap":{"0":{"start":{"line":1,"column":40},"end":{"line":1,"column":58}},"1":{"start":{"line":2,"column":12},"end":{"line":2,"column":28}},"2":{"start":{"line":6,"column":8},"end":{"line":8,"column":9}},"3":{"start":{"line":7,"column":12},"end":{"line":7,"column":65}},"4":{"start":{"line":9,"column":8},"end":{"line":9,"column":25}},"5":{"start":{"line":10,"column":8},"end":{"line":10,"column":33}},"6":{"start":{"line":11,"column":8},"end":{"line":11,"column":77}},"7":{"start":{"line":12,"column":8},"end":{"line":12,"column":25}},"8":{"start":{"line":13,"column":8},"end":{"line":13,"column":28}},"9":{"start":{"line":14,"column":8},"end":{"line":14,"column":36}},"10":{"start":{"line":15,"column":8},"end":{"line":15,"column":45}},"11":{"start":{"line":16,"column":8},"end":{"line":16,"column":27}},"12":{"start":{"line":20,"column":8},"end":{"line":20,"column":44}},"13":{"start":{"line":24,"column":8},"end":{"line":24,"column":44}},"14":{"start":{"line":28,"column":8},"end":{"line":28,"column":44}},"15":{"start":{"line":32,"column":8},"end":{"line":32,"column":34}},"16":{"start":{"line":36,"column":8},"end":{"line":38,"column":9}},"17":{"start":{"line":37,"column":12},"end":{"line":37,"column":106}},"18":{"start":{"line":39,"column":20},"end":{"line":39,"column":42}},"19":{"start":{"line":40,"column":8},"end":{"line":40,"column":38}},"20":{"start":{"line":56,"column":8},"end":{"line":58,"column":9}},"21":{"start":{"line":57,"column":12},"end":{"line":57,"column":112}},"22":{"start":{"line":59,"column":8},"end":{"line":61,"column":9}},"23":{"start":{"line":60,"column":12},"end":{"line":60,"column":90}},"24":{"start":{"line":62,"column":8},"end":{"line":64,"column":9}},"25":{"start":{"line":63,"column":12},"end":{"line":63,"column":73}},"26":{"start":{"line":65,"column":8},"end":{"line":67,"column":9}},"27":{"start":{"line":66,"column":12},"end":{"line":66,"column":86}},"28":{"start":{"line":69,"column":8},"end":{"line":73,"column":11}},"29":{"start":{"line":70,"column":12},"end":{"line":72,"column":13}},"30":{"start":{"line":71,"column":16},"end":{"line":71,"column":114}},"31":{"start":{"line":74,"column":8},"end":{"line":74,"column":39}},"32":{"start":{"line":81,"column":8},"end":{"line":83,"column":9}},"33":{"start":{"line":82,"column":12},"end":{"line":82,"column":108}},"34":{"start":{"line":84,"column":8},"end":{"line":86,"column":9}},"35":{"start":{"line":85,"column":12},"end":{"line":85,"column":76}},"36":{"start":{"line":87,"column":8},"end":{"line":87,"column":39}},"37":{"start":{"line":91,"column":0},"end":{"line":91,"column":24}}},"fnMap":{"0":{"name":"(anonymous_0)","decl":{"start":{"line":5,"column":4},"end":{"line":5,"column":5}},"loc":{"start":{"line":5,"column":70},"end":{"line":17,"column":5}},"line":5},"1":{"name":"(anonymous_1)","decl":{"start":{"line":19,"column":4},"end":{"line":19,"column":5}},"loc":{"start":{"line":19,"column":45},"end":{"line":21,"column":5}},"line":19},"2":{"name":"(anonymous_2)","decl":{"start":{"line":23,"column":4},"end":{"line":23,"column":5}},"loc":{"start":{"line":23,"column":27},"end":{"line":25,"column":5}},"line":23},"3":{"name":"(anonymous_3)","decl":{"start":{"line":27,"column":4},"end":{"line":27,"column":5}},"loc":{"start":{"line":27,"column":26},"end":{"line":29,"column":5}},"line":27},"4":{"name":"(anonymous_4)","decl":{"start":{"line":31,"column":4},"end":{"line":31,"column":5}},"loc":{"start":{"line":31,"column":30},"end":{"line":33,"column":5}},"line":31},"5":{"name":"(anonymous_5)","decl":{"start":{"line":35,"column":4},"end":{"line":35,"column":5}},"loc":{"start":{"line":35,"column":54},"end":{"line":41,"column":5}},"line":35},"6":{"name":"(anonymous_6)","decl":{"start":{"line":55,"column":4},"end":{"line":55,"column":5}},"loc":{"start":{"line":55,"column":42},"end":{"line":75,"column":5}},"line":55},"7":{"name":"(anonymous_7)","decl":{"start":{"line":69,"column":26},"end":{"line":69,"column":27}},"loc":{"start":{"line":69,"column":37},"end":{"line":73,"column":9}},"line":69},"8":{"name":"(anonymous_8)","decl":{"start":{"line":80,"column":4},"end":{"line":80,"column":5}},"loc":{"start":{"line":80,"column":49},"end":{"line":88,"column":5}},"line":80}},"branchMap":{"0":{"loc":{"start":{"line":6,"column":8},"end":{"line":8,"column":9}},"type":"if","locations":[{"start":{"line":6,"column":8},"end":{"line":8,"column":9}},{"start":{},"end":{}}],"line":6},"1":{"loc":{"start":{"line":36,"column":8},"end":{"line":38,"column":9}},"type":"if","locations":[{"start":{"line":36,"column":8},"end":{"line":38,"column":9}},{"start":{},"end":{}}],"line":36},"2":{"loc":{"start":{"line":56,"column":8},"end":{"line":58,"column":9}},"type":"if","locations":[{"start":{"line":56,"column":8},"end":{"line":58,"column":9}},{"start":{},"end":{}}],"line":56},"3":{"loc":{"start":{"line":59,"column":8},"end":{"line":61,"column":9}},"type":"if","locations":[{"start":{"line":59,"column":8},"end":{"line":61,"column":9}},{"start":{},"end":{}}],"line":59},"4":{"loc":{"start":{"line":62,"column":8},"end":{"line":64,"column":9}},"type":"if","locations":[{"start":{"line":62,"column":8},"end":{"line":64,"column":9}},{"start":{},"end":{}}],"line":62},"5":{"loc":{"start":{"line":62,"column":12},"end":{"line":62,"column":63}},"type":"binary-expr","locations":[{"start":{"line":62,"column":12},"end":{"line":62,"column":37}},{"start":{"line":62,"column":41},"end":{"line":62,"column":63}}],"line":62},"6":{"loc":{"start":{"line":65,"column":8},"end":{"line":67,"column":9}},"type":"if","locations":[{"start":{"line":65,"column":8},"end":{"line":67,"column":9}},{"start":{},"end":{}}],"line":65},"7":{"loc":{"start":{"line":70,"column":12},"end":{"line":72,"column":13}},"type":"if","locations":[{"start":{"line":70,"column":12},"end":{"line":72,"column":13}},{"start":{},"end":{}}],"line":70},"8":{"loc":{"start":{"line":81,"column":8},"end":{"line":83,"column":9}},"type":"if","locations":[{"start":{"line":81,"column":8},"end":{"line":83,"column":9}},{"start":{},"end":{}}],"line":81},"9":{"loc":{"start":{"line":84,"column":8},"end":{"line":86,"column":9}},"type":"if","locations":[{"start":{"line":84,"column":8},"end":{"line":86,"column":9}},{"start":{},"end":{}}],"line":84}},"s":{"0":2,"1":2,"2":27,"3":2,"4":25,"5":25,"6":25,"7":25,"8":25,"9":25,"10":25,"11":25,"12":1,"13":1,"14":1,"15":12,"16":3,"17":1,"18":2,"19":2,"20":8,"21":2,"22":6,"23":1,"24":5,"25":1,"26":4,"27":1,"28":3,"29":3,"30":1,"31":2,"32":3,"33":1,"34":2,"35":1,"36":1,"37":2},"f":{"0":27,"1":1,"2":1,"3":1,"4":12,"5":3,"6":8,"7":3,"8":3},"b":{"0":[2,25],"1":[1,2],"2":[2,6],"3":[1,5],"4":[1,4],"5":[5,5],"6":[1,3],"7":[1,2],"8":[1,2],"9":[1,1]},"_coverageSchema":"1a1c01bbd47fc00a2c39e90264f33305004495a9","hash":"e9984f84154160643fc9fe25c2ad63ac993eba25"}
,"C:\\Users\\ivan_\\OneDrive\\Desktop\\Maestria\\TECNICAS Y HERRAMIENTAS\\TyH 2024\\TyH2024-Tpfinal\\src\\models\\SesionPoster.js": {"path":"C:\\Users\\ivan_\\OneDrive\\Desktop\\Maestria\\TECNICAS Y HERRAMIENTAS\\TyH 2024\\TyH2024-Tpfinal\\src\\models\\SesionPoster.js","statementMap":{"0":{"start":{"line":1,"column":25},"end":{"line":1,"column":43}},"1":{"start":{"line":2,"column":15},"end":{"line":2,"column":34}},"2":{"start":{"line":6,"column":8},"end":{"line":6,"column":72}},"3":{"start":{"line":10,"column":8},"end":{"line":10,"column":38}},"4":{"start":{"line":14,"column":8},"end":{"line":16,"column":9}},"5":{"start":{"line":15,"column":12},"end":{"line":15,"column":68}},"6":{"start":{"line":17,"column":8},"end":{"line":17,"column":18}},"7":{"start":{"line":21,"column":8},"end":{"line":25,"column":9}},"8":{"start":{"line":22,"column":12},"end":{"line":22,"column":42}},"9":{"start":{"line":24,"column":12},"end":{"line":24,"column":90}},"10":{"start":{"line":30,"column":0},"end":{"line":30,"column":30}}},"fnMap":{"0":{"name":"(anonymous_0)","decl":{"start":{"line":5,"column":4},"end":{"line":5,"column":5}},"loc":{"start":{"line":5,"column":64},"end":{"line":7,"column":5}},"line":5},"1":{"name":"(anonymous_1)","decl":{"start":{"line":9,"column":4},"end":{"line":9,"column":5}},"loc":{"start":{"line":9,"column":31},"end":{"line":11,"column":5}},"line":9},"2":{"name":"(anonymous_2)","decl":{"start":{"line":13,"column":4},"end":{"line":13,"column":5}},"loc":{"start":{"line":13,"column":27},"end":{"line":18,"column":5}},"line":13},"3":{"name":"(anonymous_3)","decl":{"start":{"line":20,"column":4},"end":{"line":20,"column":5}},"loc":{"start":{"line":20,"column":26},"end":{"line":26,"column":5}},"line":20}},"branchMap":{"0":{"loc":{"start":{"line":14,"column":8},"end":{"line":16,"column":9}},"type":"if","locations":[{"start":{"line":14,"column":8},"end":{"line":16,"column":9}},{"start":{},"end":{}}],"line":14},"1":{"loc":{"start":{"line":21,"column":8},"end":{"line":25,"column":9}},"type":"if","locations":[{"start":{"line":21,"column":8},"end":{"line":25,"column":9}},{"start":{"line":23,"column":15},"end":{"line":25,"column":9}}],"line":21}},"s":{"0":2,"1":2,"2":5,"3":1,"4":2,"5":1,"6":1,"7":7,"8":6,"9":1,"10":2},"f":{"0":5,"1":1,"2":2,"3":7},"b":{"0":[1,1],"1":[6,1]},"_coverageSchema":"1a1c01bbd47fc00a2c39e90264f33305004495a9","hash":"8ade2c90425c5e294165a506b7e81b87a6150b7b"}
,"C:\\Users\\ivan_\\OneDrive\\Desktop\\Maestria\\TECNICAS Y HERRAMIENTAS\\TyH 2024\\TyH2024-Tpfinal\\src\\models\\SesionRegular.js": {"path":"C:\\Users\\ivan_\\OneDrive\\Desktop\\Maestria\\TECNICAS Y HERRAMIENTAS\\TyH 2024\\TyH2024-Tpfinal\\src\\models\\SesionRegular.js","statementMap":{"0":{"start":{"line":1,"column":25},"end":{"line":1,"column":43}},"1":{"start":{"line":2,"column":15},"end":{"line":2,"column":34}},"2":{"start":{"line":6,"column":8},"end":{"line":6,"column":73}},"3":{"start":{"line":10,"column":8},"end":{"line":10,"column":38}},"4":{"start":{"line":14,"column":8},"end":{"line":16,"column":9}},"5":{"start":{"line":15,"column":12},"end":{"line":15,"column":68}},"6":{"start":{"line":17,"column":8},"end":{"line":17,"column":18}},"7":{"start":{"line":21,"column":8},"end":{"line":25,"column":9}},"8":{"start":{"line":22,"column":12},"end":{"line":22,"column":42}},"9":{"start":{"line":24,"column":12},"end":{"line":24,"column":91}},"10":{"start":{"line":30,"column":0},"end":{"line":30,"column":31}}},"fnMap":{"0":{"name":"(anonymous_0)","decl":{"start":{"line":5,"column":4},"end":{"line":5,"column":5}},"loc":{"start":{"line":5,"column":64},"end":{"line":7,"column":5}},"line":5},"1":{"name":"(anonymous_1)","decl":{"start":{"line":9,"column":4},"end":{"line":9,"column":5}},"loc":{"start":{"line":9,"column":31},"end":{"line":11,"column":5}},"line":9},"2":{"name":"(anonymous_2)","decl":{"start":{"line":13,"column":4},"end":{"line":13,"column":5}},"loc":{"start":{"line":13,"column":27},"end":{"line":18,"column":5}},"line":13},"3":{"name":"(anonymous_3)","decl":{"start":{"line":20,"column":4},"end":{"line":20,"column":5}},"loc":{"start":{"line":20,"column":26},"end":{"line":26,"column":5}},"line":20}},"branchMap":{"0":{"loc":{"start":{"line":14,"column":8},"end":{"line":16,"column":9}},"type":"if","locations":[{"start":{"line":14,"column":8},"end":{"line":16,"column":9}},{"start":{},"end":{}}],"line":14},"1":{"loc":{"start":{"line":21,"column":8},"end":{"line":25,"column":9}},"type":"if","locations":[{"start":{"line":21,"column":8},"end":{"line":25,"column":9}},{"start":{"line":23,"column":15},"end":{"line":25,"column":9}}],"line":21}},"s":{"0":2,"1":2,"2":15,"3":1,"4":2,"5":1,"6":1,"7":8,"8":7,"9":1,"10":2},"f":{"0":15,"1":1,"2":2,"3":8},"b":{"0":[1,1],"1":[7,1]},"_coverageSchema":"1a1c01bbd47fc00a2c39e90264f33305004495a9","hash":"d3aa73debf5f7224195cee759b19861afceac77a"}
,"C:\\Users\\ivan_\\OneDrive\\Desktop\\Maestria\\TECNICAS Y HERRAMIENTAS\\TyH 2024\\TyH2024-Tpfinal\\src\\models\\SesionWorkshop.js": {"path":"C:\\Users\\ivan_\\OneDrive\\Desktop\\Maestria\\TECNICAS Y HERRAMIENTAS\\TyH 2024\\TyH2024-Tpfinal\\src\\models\\SesionWorkshop.js","statementMap":{"0":{"start":{"line":1,"column":15},"end":{"line":1,"column":34}},"1":{"start":{"line":2,"column":25},"end":{"line":2,"column":43}},"2":{"start":{"line":6,"column":8},"end":{"line":6,"column":74}},"3":{"start":{"line":8,"column":4},"end":{"line":8,"column":41}},"4":{"start":{"line":9,"column":4},"end":{"line":9,"column":39}},"5":{"start":{"line":13,"column":8},"end":{"line":19,"column":9}},"6":{"start":{"line":14,"column":10},"end":{"line":14,"column":58}},"7":{"start":{"line":15,"column":15},"end":{"line":19,"column":9}},"8":{"start":{"line":16,"column":10},"end":{"line":16,"column":56}},"9":{"start":{"line":18,"column":10},"end":{"line":18,"column":60}},"10":{"start":{"line":23,"column":35},"end":{"line":23,"column":108}},"11":{"start":{"line":23,"column":69},"end":{"line":23,"column":107}},"12":{"start":{"line":24,"column":33},"end":{"line":24,"column":105}},"13":{"start":{"line":24,"column":67},"end":{"line":24,"column":104}},"14":{"start":{"line":26,"column":37},"end":{"line":26,"column":39}},"15":{"start":{"line":27,"column":8},"end":{"line":29,"column":9}},"16":{"start":{"line":28,"column":10},"end":{"line":28,"column":97}},"17":{"start":{"line":31,"column":35},"end":{"line":31,"column":37}},"18":{"start":{"line":32,"column":8},"end":{"line":34,"column":9}},"19":{"start":{"line":33,"column":10},"end":{"line":33,"column":91}},"20":{"start":{"line":36,"column":8},"end":{"line":36,"column":68}},"21":{"start":{"line":41,"column":8},"end":{"line":45,"column":9}},"22":{"start":{"line":42,"column":12},"end":{"line":42,"column":42}},"23":{"start":{"line":44,"column":12},"end":{"line":44,"column":101}},"24":{"start":{"line":50,"column":0},"end":{"line":50,"column":32}}},"fnMap":{"0":{"name":"(anonymous_0)","decl":{"start":{"line":5,"column":4},"end":{"line":5,"column":5}},"loc":{"start":{"line":5,"column":64},"end":{"line":10,"column":5}},"line":5},"1":{"name":"(anonymous_1)","decl":{"start":{"line":12,"column":4},"end":{"line":12,"column":5}},"loc":{"start":{"line":12,"column":54},"end":{"line":20,"column":7}},"line":12},"2":{"name":"(anonymous_2)","decl":{"start":{"line":22,"column":6},"end":{"line":22,"column":7}},"loc":{"start":{"line":22,"column":29},"end":{"line":37,"column":7}},"line":22},"3":{"name":"(anonymous_3)","decl":{"start":{"line":23,"column":57},"end":{"line":23,"column":58}},"loc":{"start":{"line":23,"column":69},"end":{"line":23,"column":107}},"line":23},"4":{"name":"(anonymous_4)","decl":{"start":{"line":24,"column":55},"end":{"line":24,"column":56}},"loc":{"start":{"line":24,"column":67},"end":{"line":24,"column":104}},"line":24},"5":{"name":"(anonymous_5)","decl":{"start":{"line":40,"column":4},"end":{"line":40,"column":5}},"loc":{"start":{"line":40,"column":26},"end":{"line":46,"column":5}},"line":40}},"branchMap":{"0":{"loc":{"start":{"line":13,"column":8},"end":{"line":19,"column":9}},"type":"if","locations":[{"start":{"line":13,"column":8},"end":{"line":19,"column":9}},{"start":{"line":15,"column":15},"end":{"line":19,"column":9}}],"line":13},"1":{"loc":{"start":{"line":15,"column":15},"end":{"line":19,"column":9}},"type":"if","locations":[{"start":{"line":15,"column":15},"end":{"line":19,"column":9}},{"start":{"line":17,"column":15},"end":{"line":19,"column":9}}],"line":15},"2":{"loc":{"start":{"line":27,"column":8},"end":{"line":29,"column":9}},"type":"if","locations":[{"start":{"line":27,"column":8},"end":{"line":29,"column":9}},{"start":{},"end":{}}],"line":27},"3":{"loc":{"start":{"line":32,"column":8},"end":{"line":34,"column":9}},"type":"if","locations":[{"start":{"line":32,"column":8},"end":{"line":34,"column":9}},{"start":{},"end":{}}],"line":32},"4":{"loc":{"start":{"line":41,"column":8},"end":{"line":45,"column":9}},"type":"if","locations":[{"start":{"line":41,"column":8},"end":{"line":45,"column":9}},{"start":{"line":43,"column":15},"end":{"line":45,"column":9}}],"line":41},"5":{"loc":{"start":{"line":41,"column":12},"end":{"line":41,"column":91}},"type":"binary-expr","locations":[{"start":{"line":41,"column":12},"end":{"line":41,"column":50}},{"start":{"line":41,"column":54},"end":{"line":41,"column":91}}],"line":41}},"s":{"0":2,"1":2,"2":4,"3":4,"4":4,"5":3,"6":1,"7":2,"8":1,"9":1,"10":2,"11":6,"12":2,"13":6,"14":2,"15":2,"16":1,"17":2,"18":2,"19":1,"20":2,"21":7,"22":6,"23":1,"24":2},"f":{"0":4,"1":3,"2":2,"3":6,"4":6,"5":7},"b":{"0":[1,2],"1":[1,1],"2":[1,1],"3":[1,1],"4":[6,1],"5":[7,4]},"_coverageSchema":"1a1c01bbd47fc00a2c39e90264f33305004495a9","hash":"5bb5bd27c45d2461f323ce447d7d947d31673a66"}
,"C:\\Users\\ivan_\\OneDrive\\Desktop\\Maestria\\TECNICAS Y HERRAMIENTAS\\TyH 2024\\TyH2024-Tpfinal\\src\\models\\Usuario.js": {"path":"C:\\Users\\ivan_\\OneDrive\\Desktop\\Maestria\\TECNICAS Y HERRAMIENTAS\\TyH 2024\\TyH2024-Tpfinal\\src\\models\\Usuario.js","statementMap":{"0":{"start":{"line":3,"column":8},"end":{"line":3,"column":45}},"1":{"start":{"line":4,"column":8},"end":{"line":4,"column":37}},"2":{"start":{"line":5,"column":8},"end":{"line":5,"column":27}},"3":{"start":{"line":6,"column":8},"end":{"line":6,"column":37}},"4":{"start":{"line":7,"column":8},"end":{"line":7,"column":24}},"5":{"start":{"line":11,"column":8},"end":{"line":11,"column":29}},"6":{"start":{"line":16,"column":0},"end":{"line":16,"column":25}}},"fnMap":{"0":{"name":"(anonymous_0)","decl":{"start":{"line":2,"column":4},"end":{"line":2,"column":5}},"loc":{"start":{"line":2,"column":63},"end":{"line":8,"column":5}},"line":2},"1":{"name":"(anonymous_1)","decl":{"start":{"line":10,"column":4},"end":{"line":10,"column":5}},"loc":{"start":{"line":10,"column":16},"end":{"line":12,"column":5}},"line":10}},"branchMap":{},"s":{"0":80,"1":80,"2":80,"3":80,"4":80,"5":3,"6":4},"f":{"0":80,"1":3},"b":{},"_coverageSchema":"1a1c01bbd47fc00a2c39e90264f33305004495a9","hash":"2bfa57bef173f0013bb4b4d41b69c711d260fc1c"}
,"C:\\Users\\ivan_\\OneDrive\\Desktop\\Maestria\\TECNICAS Y HERRAMIENTAS\\TyH 2024\\TyH2024-Tpfinal\\src\\models\\enums.js": {"path":"C:\\Users\\ivan_\\OneDrive\\Desktop\\Maestria\\TECNICAS Y HERRAMIENTAS\\TyH 2024\\TyH2024-Tpfinal\\src\\models\\enums.js","statementMap":{"0":{"start":{"line":1,"column":19},"end":{"line":5,"column":2}},"1":{"start":{"line":7,"column":21},"end":{"line":10,"column":2}},"2":{"start":{"line":12,"column":23},"end":{"line":20,"column":2}},"3":{"start":{"line":22,"column":22},"end":{"line":26,"column":2}},"4":{"start":{"line":28,"column":21},"end":{"line":36,"column":1}},"5":{"start":{"line":38,"column":0},"end":{"line":38,"column":91}}},"fnMap":{},"branchMap":{},"s":{"0":6,"1":6,"2":6,"3":6,"4":6,"5":6},"f":{},"b":{},"_coverageSchema":"1a1c01bbd47fc00a2c39e90264f33305004495a9","hash":"cd0a41b6dbaae821dbebfa0ffeb4ef805107025f"}
,"C:\\Users\\ivan_\\OneDrive\\Desktop\\Maestria\\TECNICAS Y HERRAMIENTAS\\TyH 2024\\TyH2024-Tpfinal\\src\\strategies\\MetodoSeleccion.js": {"path":"C:\\Users\\ivan_\\OneDrive\\Desktop\\Maestria\\TECNICAS Y HERRAMIENTAS\\TyH 2024\\TyH2024-Tpfinal\\src\\strategies\\MetodoSeleccion.js","statementMap":{"0":{"start":{"line":3,"column":8},"end":{"line":3,"column":71}},"1":{"start":{"line":7,"column":0},"end":{"line":7,"column":33}}},"fnMap":{"0":{"name":"(anonymous_0)","decl":{"start":{"line":2,"column":4},"end":{"line":2,"column":5}},"loc":{"start":{"line":2,"column":27},"end":{"line":4,"column":5}},"line":2}},"branchMap":{},"s":{"0":1,"1":1},"f":{"0":1},"b":{},"_coverageSchema":"1a1c01bbd47fc00a2c39e90264f33305004495a9","hash":"88297d3245c147533efc643db35c77bbc003b013"}
,"C:\\Users\\ivan_\\OneDrive\\Desktop\\Maestria\\TECNICAS Y HERRAMIENTAS\\TyH 2024\\TyH2024-Tpfinal\\src\\strategies\\MetodoSeleccionCorteFijo.js": {"path":"C:\\Users\\ivan_\\OneDrive\\Desktop\\Maestria\\TECNICAS Y HERRAMIENTAS\\TyH 2024\\TyH2024-Tpfinal\\src\\strategies\\MetodoSeleccionCorteFijo.js","statementMap":{"0":{"start":{"line":1,"column":24},"end":{"line":1,"column":52}},"1":{"start":{"line":5,"column":8},"end":{"line":5,"column":16}},"2":{"start":{"line":6,"column":8},"end":{"line":6,"column":35}},"3":{"start":{"line":10,"column":32},"end":{"line":10,"column":79}},"4":{"start":{"line":10,"column":57},"end":{"line":10,"column":78}},"5":{"start":{"line":11,"column":37},"end":{"line":11,"column":87}},"6":{"start":{"line":12,"column":8},"end":{"line":12,"column":62}},"7":{"start":{"line":16,"column":0},"end":{"line":16,"column":42}}},"fnMap":{"0":{"name":"(anonymous_0)","decl":{"start":{"line":4,"column":4},"end":{"line":4,"column":5}},"loc":{"start":{"line":4,"column":27},"end":{"line":7,"column":5}},"line":4},"1":{"name":"(anonymous_1)","decl":{"start":{"line":9,"column":4},"end":{"line":9,"column":5}},"loc":{"start":{"line":9,"column":27},"end":{"line":13,"column":5}},"line":9},"2":{"name":"(anonymous_2)","decl":{"start":{"line":10,"column":47},"end":{"line":10,"column":48}},"loc":{"start":{"line":10,"column":57},"end":{"line":10,"column":78}},"line":10}},"branchMap":{},"s":{"0":1,"1":3,"2":3,"3":2,"4":3,"5":2,"6":2,"7":1},"f":{"0":3,"1":2,"2":3},"b":{},"_coverageSchema":"1a1c01bbd47fc00a2c39e90264f33305004495a9","hash":"19d5ee126204ff09f7048014ce0c82480190c0e6"}
,"C:\\Users\\ivan_\\OneDrive\\Desktop\\Maestria\\TECNICAS Y HERRAMIENTAS\\TyH 2024\\TyH2024-Tpfinal\\src\\strategies\\MetodoSeleccionMejores.js": {"path":"C:\\Users\\ivan_\\OneDrive\\Desktop\\Maestria\\TECNICAS Y HERRAMIENTAS\\TyH 2024\\TyH2024-Tpfinal\\src\\strategies\\MetodoSeleccionMejores.js","statementMap":{"0":{"start":{"line":1,"column":24},"end":{"line":1,"column":52}},"1":{"start":{"line":5,"column":4},"end":{"line":5,"column":12}},"2":{"start":{"line":6,"column":4},"end":{"line":6,"column":39}},"3":{"start":{"line":12,"column":4},"end":{"line":15,"column":11}},"4":{"start":{"line":13,"column":36},"end":{"line":13,"column":127}},"5":{"start":{"line":13,"column":77},"end":{"line":13,"column":94}},"6":{"start":{"line":14,"column":12},"end":{"line":14,"column":57}},"7":{"start":{"line":19,"column":0},"end":{"line":19,"column":40}}},"fnMap":{"0":{"name":"(anonymous_0)","decl":{"start":{"line":4,"column":2},"end":{"line":4,"column":3}},"loc":{"start":{"line":4,"column":29},"end":{"line":7,"column":3}},"line":4},"1":{"name":"(anonymous_1)","decl":{"start":{"line":9,"column":1},"end":{"line":9,"column":2}},"loc":{"start":{"line":9,"column":24},"end":{"line":16,"column":5}},"line":9},"2":{"name":"(anonymous_2)","decl":{"start":{"line":12,"column":28},"end":{"line":12,"column":29}},"loc":{"start":{"line":12,"column":40},"end":{"line":15,"column":9}},"line":12},"3":{"name":"(anonymous_3)","decl":{"start":{"line":13,"column":63},"end":{"line":13,"column":64}},"loc":{"start":{"line":13,"column":77},"end":{"line":13,"column":94}},"line":13}},"branchMap":{},"s":{"0":1,"1":2,"2":2,"3":2,"4":5,"5":5,"6":5,"7":1},"f":{"0":2,"1":2,"2":5,"3":5},"b":{},"_coverageSchema":"1a1c01bbd47fc00a2c39e90264f33305004495a9","hash":"f8f11aafa8c587a2b8438c8f5a33a461fabaf349"}
}
