{"C:\\Users\\ivan_\\OneDrive\\Desktop\\Maestria\\TECNICAS Y HERRAMIENTAS\\TyH 2024\\TyH2024-Tpfinal\\src\\models\\Articulo.js": {"path":"C:\\Users\\ivan_\\OneDrive\\Desktop\\Maestria\\TECNICAS Y HERRAMIENTAS\\TyH 2024\\TyH2024-Tpfinal\\src\\models\\Articulo.js","statementMap":{"0":{"start":{"line":1,"column":41},"end":{"line":1,"column":59}},"1":{"start":{"line":6,"column":4},"end":{"line":8,"column":3}},"2":{"start":{"line":7,"column":6},"end":{"line":7,"column":60}},"3":{"start":{"line":10,"column":4},"end":{"line":12,"column":5}},"4":{"start":{"line":11,"column":6},"end":{"line":11,"column":62}},"5":{"start":{"line":13,"column":4},"end":{"line":13,"column":25}},"6":{"start":{"line":14,"column":4},"end":{"line":14,"column":47}},"7":{"start":{"line":15,"column":4},"end":{"line":15,"column":43}},"8":{"start":{"line":16,"column":4},"end":{"line":16,"column":31}},"9":{"start":{"line":17,"column":4},"end":{"line":17,"column":21}},"10":{"start":{"line":18,"column":4},"end":{"line":18,"column":24}},"11":{"start":{"line":19,"column":4},"end":{"line":19,"column":27}},"12":{"start":{"line":20,"column":4},"end":{"line":20,"column":27}},"13":{"start":{"line":22,"column":4},"end":{"line":28,"column":5}},"14":{"start":{"line":23,"column":6},"end":{"line":23,"column":43}},"15":{"start":{"line":24,"column":11},"end":{"line":28,"column":5}},"16":{"start":{"line":25,"column":8},"end":{"line":25,"column":81}},"17":{"start":{"line":27,"column":8},"end":{"line":27,"column":41}},"18":{"start":{"line":32,"column":4},"end":{"line":32,"column":34}},"19":{"start":{"line":36,"column":4},"end":{"line":36,"column":64}},"20":{"start":{"line":36,"column":41},"end":{"line":36,"column":62}},"21":{"start":{"line":40,"column":4},"end":{"line":44,"column":3}},"22":{"start":{"line":41,"column":6},"end":{"line":41,"column":31}},"23":{"start":{"line":43,"column":4},"end":{"line":43,"column":47}},"24":{"start":{"line":48,"column":4},"end":{"line":52,"column":5}},"25":{"start":{"line":49,"column":6},"end":{"line":49,"column":34}},"26":{"start":{"line":51,"column":6},"end":{"line":51,"column":79}},"27":{"start":{"line":56,"column":0},"end":{"line":56,"column":26}}},"fnMap":{"0":{"name":"(anonymous_0)","decl":{"start":{"line":4,"column":2},"end":{"line":4,"column":3}},"loc":{"start":{"line":4,"column":95},"end":{"line":29,"column":3}},"line":4},"1":{"name":"(anonymous_1)","decl":{"start":{"line":31,"column":2},"end":{"line":31,"column":3}},"loc":{"start":{"line":31,"column":24},"end":{"line":33,"column":3}},"line":31},"2":{"name":"(anonymous_2)","decl":{"start":{"line":35,"column":2},"end":{"line":35,"column":3}},"loc":{"start":{"line":35,"column":20},"end":{"line":37,"column":3}},"line":35},"3":{"name":"(anonymous_3)","decl":{"start":{"line":36,"column":27},"end":{"line":36,"column":28}},"loc":{"start":{"line":36,"column":41},"end":{"line":36,"column":62}},"line":36},"4":{"name":"(anonymous_4)","decl":{"start":{"line":39,"column":2},"end":{"line":39,"column":3}},"loc":{"start":{"line":39,"column":18},"end":{"line":45,"column":3}},"line":39},"5":{"name":"(anonymous_5)","decl":{"start":{"line":47,"column":2},"end":{"line":47,"column":3}},"loc":{"start":{"line":47,"column":27},"end":{"line":53,"column":3}},"line":47}},"branchMap":{"0":{"loc":{"start":{"line":4,"column":56},"end":{"line":4,"column":77}},"type":"default-arg","locations":[{"start":{"line":4,"column":73},"end":{"line":4,"column":77}}],"line":4},"1":{"loc":{"start":{"line":4,"column":79},"end":{"line":4,"column":93}},"type":"default-arg","locations":[{"start":{"line":4,"column":89},"end":{"line":4,"column":93}}],"line":4},"2":{"loc":{"start":{"line":6,"column":4},"end":{"line":8,"column":3}},"type":"if","locations":[{"start":{"line":6,"column":4},"end":{"line":8,"column":3}},{"start":{},"end":{}}],"line":6},"3":{"loc":{"start":{"line":10,"column":4},"end":{"line":12,"column":5}},"type":"if","locations":[{"start":{"line":10,"column":4},"end":{"line":12,"column":5}},{"start":{},"end":{}}],"line":10},"4":{"loc":{"start":{"line":10,"column":8},"end":{"line":10,"column":78}},"type":"binary-expr","locations":[{"start":{"line":10,"column":8},"end":{"line":10,"column":31}},{"start":{"line":10,"column":35},"end":{"line":10,"column":55}},{"start":{"line":10,"column":59},"end":{"line":10,"column":78}}],"line":10},"5":{"loc":{"start":{"line":22,"column":4},"end":{"line":28,"column":5}},"type":"if","locations":[{"start":{"line":22,"column":4},"end":{"line":28,"column":5}},{"start":{"line":24,"column":11},"end":{"line":28,"column":5}}],"line":22},"6":{"loc":{"start":{"line":22,"column":8},"end":{"line":22,"column":58}},"type":"binary-expr","locations":[{"start":{"line":22,"column":8},"end":{"line":22,"column":22}},{"start":{"line":22,"column":26},"end":{"line":22,"column":58}}],"line":22},"7":{"loc":{"start":{"line":24,"column":11},"end":{"line":28,"column":5}},"type":"if","locations":[{"start":{"line":24,"column":11},"end":{"line":28,"column":5}},{"start":{"line":26,"column":11},"end":{"line":28,"column":5}}],"line":24},"8":{"loc":{"start":{"line":40,"column":4},"end":{"line":44,"column":3}},"type":"if","locations":[{"start":{"line":40,"column":4},"end":{"line":44,"column":3}},{"start":{"line":42,"column":9},"end":{"line":44,"column":3}}],"line":40},"9":{"loc":{"start":{"line":40,"column":8},"end":{"line":40,"column":46}},"type":"binary-expr","locations":[{"start":{"line":40,"column":8},"end":{"line":40,"column":13}},{"start":{"line":40,"column":17},"end":{"line":40,"column":46}}],"line":40},"10":{"loc":{"start":{"line":48,"column":4},"end":{"line":52,"column":5}},"type":"if","locations":[{"start":{"line":48,"column":4},"end":{"line":52,"column":5}},{"start":{"line":50,"column":11},"end":{"line":52,"column":5}}],"line":48}},"s":{"0":2,"1":29,"2":1,"3":28,"4":1,"5":27,"6":27,"7":27,"8":27,"9":27,"10":27,"11":27,"12":27,"13":27,"14":23,"15":4,"16":1,"17":3,"18":2,"19":1,"20":2,"21":3,"22":2,"23":1,"24":2,"25":1,"26":1,"27":2},"f":{"0":29,"1":2,"2":1,"3":2,"4":3,"5":2},"b":{"0":[1],"1":[15],"2":[1,28],"3":[1,27],"4":[28,28,28],"5":[23,4],"6":[27,24],"7":[1,3],"8":[2,1],"9":[3,3],"10":[1,1]},"_coverageSchema":"1a1c01bbd47fc00a2c39e90264f33305004495a9","hash":"7af042e0bcf58ccc6c3ddb2632e2ded71f8caa58"}
,"C:\\Users\\ivan_\\OneDrive\\Desktop\\Maestria\\TECNICAS Y HERRAMIENTAS\\TyH 2024\\TyH2024-Tpfinal\\src\\models\\ArticuloPoster.js": {"path":"C:\\Users\\ivan_\\OneDrive\\Desktop\\Maestria\\TECNICAS Y HERRAMIENTAS\\TyH 2024\\TyH2024-Tpfinal\\src\\models\\ArticuloPoster.js","statementMap":{"0":{"start":{"line":1,"column":17},"end":{"line":1,"column":38}},"1":{"start":{"line":2,"column":25},"end":{"line":2,"column":43}},"2":{"start":{"line":6,"column":8},"end":{"line":6,"column":87}},"3":{"start":{"line":7,"column":8},"end":{"line":7,"column":37}},"4":{"start":{"line":11,"column":0},"end":{"line":11,"column":31}}},"fnMap":{"0":{"name":"(anonymous_0)","decl":{"start":{"line":5,"column":4},"end":{"line":5,"column":5}},"loc":{"start":{"line":5,"column":87},"end":{"line":8,"column":5}},"line":5}},"branchMap":{"0":{"loc":{"start":{"line":5,"column":64},"end":{"line":5,"column":85}},"type":"default-arg","locations":[{"start":{"line":5,"column":81},"end":{"line":5,"column":85}}],"line":5}},"s":{"0":2,"1":2,"2":14,"3":12,"4":2},"f":{"0":14},"b":{"0":[3]},"_coverageSchema":"1a1c01bbd47fc00a2c39e90264f33305004495a9","hash":"36f7fdb37d3b1a9dc5b8a64f014255ce32a848c5"}
,"C:\\Users\\ivan_\\OneDrive\\Desktop\\Maestria\\TECNICAS Y HERRAMIENTAS\\TyH 2024\\TyH2024-Tpfinal\\src\\models\\ArticuloRegular.js": {"path":"C:\\Users\\ivan_\\OneDrive\\Desktop\\Maestria\\TECNICAS Y HERRAMIENTAS\\TyH 2024\\TyH2024-Tpfinal\\src\\models\\ArticuloRegular.js","statementMap":{"0":{"start":{"line":1,"column":17},"end":{"line":1,"column":38}},"1":{"start":{"line":2,"column":25},"end":{"line":2,"column":43}},"2":{"start":{"line":6,"column":8},"end":{"line":6,"column":97}},"3":{"start":{"line":7,"column":8},"end":{"line":7,"column":33}},"4":{"start":{"line":11,"column":0},"end":{"line":11,"column":33}}},"fnMap":{"0":{"name":"(anonymous_0)","decl":{"start":{"line":5,"column":4},"end":{"line":5,"column":5}},"loc":{"start":{"line":5,"column":101},"end":{"line":8,"column":5}},"line":5}},"branchMap":{"0":{"loc":{"start":{"line":5,"column":62},"end":{"line":5,"column":83}},"type":"default-arg","locations":[{"start":{"line":5,"column":79},"end":{"line":5,"column":83}}],"line":5},"1":{"loc":{"start":{"line":5,"column":85},"end":{"line":5,"column":99}},"type":"default-arg","locations":[{"start":{"line":5,"column":95},"end":{"line":5,"column":99}}],"line":5}},"s":{"0":2,"1":2,"2":13,"3":13,"4":2},"f":{"0":13},"b":{"0":[1],"1":[3]},"_coverageSchema":"1a1c01bbd47fc00a2c39e90264f33305004495a9","hash":"7fd3b139336dc9745cfed563fa0ac27d444196b1"}
,"C:\\Users\\ivan_\\OneDrive\\Desktop\\Maestria\\TECNICAS Y HERRAMIENTAS\\TyH 2024\\TyH2024-Tpfinal\\src\\models\\Bid.js": {"path":"C:\\Users\\ivan_\\OneDrive\\Desktop\\Maestria\\TECNICAS Y HERRAMIENTAS\\TyH 2024\\TyH2024-Tpfinal\\src\\models\\Bid.js","statementMap":{"0":{"start":{"line":1,"column":26},"end":{"line":1,"column":44}},"1":{"start":{"line":5,"column":8},"end":{"line":5,"column":43}},"2":{"start":{"line":9,"column":0},"end":{"line":9,"column":21}}},"fnMap":{"0":{"name":"(anonymous_0)","decl":{"start":{"line":4,"column":4},"end":{"line":4,"column":5}},"loc":{"start":{"line":4,"column":31},"end":{"line":6,"column":5}},"line":4}},"branchMap":{},"s":{"0":1,"1":3,"2":1},"f":{"0":3},"b":{},"_coverageSchema":"1a1c01bbd47fc00a2c39e90264f33305004495a9","hash":"279ee92aaa98bc8a9e59872674a1521d60010e5a"}
,"C:\\Users\\ivan_\\OneDrive\\Desktop\\Maestria\\TECNICAS Y HERRAMIENTAS\\TyH 2024\\TyH2024-Tpfinal\\src\\models\\Conferencia.js": {"path":"C:\\Users\\ivan_\\OneDrive\\Desktop\\Maestria\\TECNICAS Y HERRAMIENTAS\\TyH 2024\\TyH2024-Tpfinal\\src\\models\\Conferencia.js","statementMap":{"0":{"start":{"line":1,"column":22},"end":{"line":1,"column":48}},"1":{"start":{"line":2,"column":23},"end":{"line":2,"column":50}},"2":{"start":{"line":3,"column":21},"end":{"line":3,"column":46}},"3":{"start":{"line":4,"column":23},"end":{"line":4,"column":41}},"4":{"start":{"line":8,"column":8},"end":{"line":8,"column":29}},"5":{"start":{"line":9,"column":8},"end":{"line":9,"column":39}},"6":{"start":{"line":10,"column":8},"end":{"line":10,"column":33}},"7":{"start":{"line":11,"column":8},"end":{"line":11,"column":27}},"8":{"start":{"line":16,"column":8},"end":{"line":28,"column":9}},"9":{"start":{"line":18,"column":16},"end":{"line":18,"column":45}},"10":{"start":{"line":19,"column":16},"end":{"line":19,"column":22}},"11":{"start":{"line":21,"column":16},"end":{"line":21,"column":46}},"12":{"start":{"line":22,"column":16},"end":{"line":22,"column":22}},"13":{"start":{"line":24,"column":16},"end":{"line":24,"column":44}},"14":{"start":{"line":25,"column":16},"end":{"line":25,"column":22}},"15":{"start":{"line":27,"column":16},"end":{"line":27,"column":60}},"16":{"start":{"line":29,"column":8},"end":{"line":29,"column":35}},"17":{"start":{"line":30,"column":8},"end":{"line":30,"column":22}},"18":{"start":{"line":34,"column":0},"end":{"line":34,"column":29}}},"fnMap":{"0":{"name":"(anonymous_0)","decl":{"start":{"line":7,"column":4},"end":{"line":7,"column":5}},"loc":{"start":{"line":7,"column":47},"end":{"line":12,"column":5}},"line":7},"1":{"name":"(anonymous_1)","decl":{"start":{"line":14,"column":4},"end":{"line":14,"column":5}},"loc":{"start":{"line":14,"column":22},"end":{"line":31,"column":5}},"line":14}},"branchMap":{"0":{"loc":{"start":{"line":16,"column":8},"end":{"line":28,"column":9}},"type":"switch","locations":[{"start":{"line":17,"column":12},"end":{"line":19,"column":22}},{"start":{"line":20,"column":12},"end":{"line":22,"column":22}},{"start":{"line":23,"column":12},"end":{"line":25,"column":22}},{"start":{"line":26,"column":12},"end":{"line":27,"column":60}}],"line":16}},"s":{"0":1,"1":1,"2":1,"3":1,"4":1,"5":1,"6":1,"7":1,"8":4,"9":1,"10":1,"11":1,"12":1,"13":1,"14":1,"15":1,"16":3,"17":3,"18":1},"f":{"0":1,"1":4},"b":{"0":[1,1,1,1]},"_coverageSchema":"1a1c01bbd47fc00a2c39e90264f33305004495a9","hash":"11cef11a7287c231309c48181a88194573c7ae38"}
,"C:\\Users\\ivan_\\OneDrive\\Desktop\\Maestria\\TECNICAS Y HERRAMIENTAS\\TyH 2024\\TyH2024-Tpfinal\\src\\models\\Revision.js": {"path":"C:\\Users\\ivan_\\OneDrive\\Desktop\\Maestria\\TECNICAS Y HERRAMIENTAS\\TyH 2024\\TyH2024-Tpfinal\\src\\models\\Revision.js","statementMap":{"0":{"start":{"line":1,"column":26},"end":{"line":1,"column":44}},"1":{"start":{"line":5,"column":8},"end":{"line":5,"column":27}},"2":{"start":{"line":6,"column":8},"end":{"line":6,"column":31}},"3":{"start":{"line":7,"column":8},"end":{"line":7,"column":43}},"4":{"start":{"line":11,"column":0},"end":{"line":11,"column":26}}},"fnMap":{"0":{"name":"(anonymous_0)","decl":{"start":{"line":4,"column":4},"end":{"line":4,"column":5}},"loc":{"start":{"line":4,"column":47},"end":{"line":8,"column":5}},"line":4}},"branchMap":{},"s":{"0":1,"1":3,"2":3,"3":3,"4":1},"f":{"0":3},"b":{},"_coverageSchema":"1a1c01bbd47fc00a2c39e90264f33305004495a9","hash":"5469a7a49a0fe647fd4d74084539c028b25bb32d"}
,"C:\\Users\\ivan_\\OneDrive\\Desktop\\Maestria\\TECNICAS Y HERRAMIENTAS\\TyH 2024\\TyH2024-Tpfinal\\src\\models\\Rol.js": {"path":"C:\\Users\\ivan_\\OneDrive\\Desktop\\Maestria\\TECNICAS Y HERRAMIENTAS\\TyH 2024\\TyH2024-Tpfinal\\src\\models\\Rol.js","statementMap":{"0":{"start":{"line":3,"column":8},"end":{"line":3,"column":25}},"1":{"start":{"line":7,"column":0},"end":{"line":7,"column":21}}},"fnMap":{"0":{"name":"(anonymous_0)","decl":{"start":{"line":2,"column":4},"end":{"line":2,"column":5}},"loc":{"start":{"line":2,"column":22},"end":{"line":4,"column":5}},"line":2}},"branchMap":{},"s":{"0":3,"1":1},"f":{"0":3},"b":{},"_coverageSchema":"1a1c01bbd47fc00a2c39e90264f33305004495a9","hash":"6a10100d9b93055ca646b1a03cae094c53c41abe"}
,"C:\\Users\\ivan_\\OneDrive\\Desktop\\Maestria\\TECNICAS Y HERRAMIENTAS\\TyH 2024\\TyH2024-Tpfinal\\src\\models\\Sesion.js": {"path":"C:\\Users\\ivan_\\OneDrive\\Desktop\\Maestria\\TECNICAS Y HERRAMIENTAS\\TyH 2024\\TyH2024-Tpfinal\\src\\models\\Sesion.js","statementMap":{"0":{"start":{"line":1,"column":23},"end":{"line":1,"column":41}},"1":{"start":{"line":5,"column":8},"end":{"line":7,"column":9}},"2":{"start":{"line":6,"column":12},"end":{"line":6,"column":65}},"3":{"start":{"line":8,"column":8},"end":{"line":8,"column":25}},"4":{"start":{"line":9,"column":8},"end":{"line":9,"column":33}},"5":{"start":{"line":10,"column":8},"end":{"line":10,"column":77}},"6":{"start":{"line":11,"column":8},"end":{"line":11,"column":25}},"7":{"start":{"line":12,"column":8},"end":{"line":12,"column":28}},"8":{"start":{"line":13,"column":8},"end":{"line":13,"column":36}},"9":{"start":{"line":17,"column":8},"end":{"line":17,"column":44}},"10":{"start":{"line":21,"column":8},"end":{"line":21,"column":44}},"11":{"start":{"line":25,"column":8},"end":{"line":25,"column":44}},"12":{"start":{"line":29,"column":0},"end":{"line":29,"column":24}}},"fnMap":{"0":{"name":"(anonymous_0)","decl":{"start":{"line":4,"column":4},"end":{"line":4,"column":5}},"loc":{"start":{"line":4,"column":70},"end":{"line":14,"column":5}},"line":4},"1":{"name":"(anonymous_1)","decl":{"start":{"line":16,"column":4},"end":{"line":16,"column":5}},"loc":{"start":{"line":16,"column":45},"end":{"line":18,"column":5}},"line":16},"2":{"name":"(anonymous_2)","decl":{"start":{"line":20,"column":4},"end":{"line":20,"column":5}},"loc":{"start":{"line":20,"column":27},"end":{"line":22,"column":5}},"line":20},"3":{"name":"(anonymous_3)","decl":{"start":{"line":24,"column":4},"end":{"line":24,"column":5}},"loc":{"start":{"line":24,"column":26},"end":{"line":26,"column":5}},"line":24}},"branchMap":{"0":{"loc":{"start":{"line":5,"column":8},"end":{"line":7,"column":9}},"type":"if","locations":[{"start":{"line":5,"column":8},"end":{"line":7,"column":9}},{"start":{},"end":{}}],"line":5}},"s":{"0":2,"1":16,"2":2,"3":14,"4":14,"5":14,"6":14,"7":14,"8":14,"9":1,"10":1,"11":1,"12":2},"f":{"0":16,"1":1,"2":1,"3":1},"b":{"0":[2,14]},"_coverageSchema":"1a1c01bbd47fc00a2c39e90264f33305004495a9","hash":"8218c41f43dedef5662a49f123e798861ff6ed7a"}
,"C:\\Users\\ivan_\\OneDrive\\Desktop\\Maestria\\TECNICAS Y HERRAMIENTAS\\TyH 2024\\TyH2024-Tpfinal\\src\\models\\SesionPoster.js": {"path":"C:\\Users\\ivan_\\OneDrive\\Desktop\\Maestria\\TECNICAS Y HERRAMIENTAS\\TyH 2024\\TyH2024-Tpfinal\\src\\models\\SesionPoster.js","statementMap":{"0":{"start":{"line":1,"column":25},"end":{"line":1,"column":43}},"1":{"start":{"line":2,"column":15},"end":{"line":2,"column":34}},"2":{"start":{"line":6,"column":8},"end":{"line":6,"column":72}},"3":{"start":{"line":10,"column":8},"end":{"line":10,"column":38}},"4":{"start":{"line":14,"column":8},"end":{"line":16,"column":9}},"5":{"start":{"line":15,"column":12},"end":{"line":15,"column":68}},"6":{"start":{"line":17,"column":8},"end":{"line":17,"column":18}},"7":{"start":{"line":21,"column":8},"end":{"line":25,"column":9}},"8":{"start":{"line":22,"column":12},"end":{"line":22,"column":42}},"9":{"start":{"line":24,"column":12},"end":{"line":24,"column":90}},"10":{"start":{"line":29,"column":0},"end":{"line":29,"column":30}}},"fnMap":{"0":{"name":"(anonymous_0)","decl":{"start":{"line":5,"column":4},"end":{"line":5,"column":5}},"loc":{"start":{"line":5,"column":64},"end":{"line":7,"column":5}},"line":5},"1":{"name":"(anonymous_1)","decl":{"start":{"line":9,"column":4},"end":{"line":9,"column":5}},"loc":{"start":{"line":9,"column":31},"end":{"line":11,"column":5}},"line":9},"2":{"name":"(anonymous_2)","decl":{"start":{"line":13,"column":4},"end":{"line":13,"column":5}},"loc":{"start":{"line":13,"column":27},"end":{"line":18,"column":5}},"line":13},"3":{"name":"(anonymous_3)","decl":{"start":{"line":20,"column":4},"end":{"line":20,"column":5}},"loc":{"start":{"line":20,"column":26},"end":{"line":26,"column":5}},"line":20}},"branchMap":{"0":{"loc":{"start":{"line":14,"column":8},"end":{"line":16,"column":9}},"type":"if","locations":[{"start":{"line":14,"column":8},"end":{"line":16,"column":9}},{"start":{},"end":{}}],"line":14},"1":{"loc":{"start":{"line":21,"column":8},"end":{"line":25,"column":9}},"type":"if","locations":[{"start":{"line":21,"column":8},"end":{"line":25,"column":9}},{"start":{"line":23,"column":15},"end":{"line":25,"column":9}}],"line":21}},"s":{"0":2,"1":2,"2":5,"3":1,"4":2,"5":1,"6":1,"7":7,"8":6,"9":1,"10":2},"f":{"0":5,"1":1,"2":2,"3":7},"b":{"0":[1,1],"1":[6,1]},"_coverageSchema":"1a1c01bbd47fc00a2c39e90264f33305004495a9","hash":"346d0c774ae79f2af58fc5ac4a1c001876949221"}
,"C:\\Users\\ivan_\\OneDrive\\Desktop\\Maestria\\TECNICAS Y HERRAMIENTAS\\TyH 2024\\TyH2024-Tpfinal\\src\\models\\SesionRegular.js": {"path":"C:\\Users\\ivan_\\OneDrive\\Desktop\\Maestria\\TECNICAS Y HERRAMIENTAS\\TyH 2024\\TyH2024-Tpfinal\\src\\models\\SesionRegular.js","statementMap":{"0":{"start":{"line":1,"column":25},"end":{"line":1,"column":43}},"1":{"start":{"line":2,"column":15},"end":{"line":2,"column":34}},"2":{"start":{"line":6,"column":8},"end":{"line":6,"column":73}},"3":{"start":{"line":10,"column":8},"end":{"line":10,"column":38}},"4":{"start":{"line":14,"column":8},"end":{"line":16,"column":9}},"5":{"start":{"line":15,"column":12},"end":{"line":15,"column":68}},"6":{"start":{"line":17,"column":8},"end":{"line":17,"column":18}},"7":{"start":{"line":21,"column":8},"end":{"line":25,"column":9}},"8":{"start":{"line":22,"column":12},"end":{"line":22,"column":42}},"9":{"start":{"line":24,"column":12},"end":{"line":24,"column":91}},"10":{"start":{"line":29,"column":0},"end":{"line":29,"column":31}}},"fnMap":{"0":{"name":"(anonymous_0)","decl":{"start":{"line":5,"column":4},"end":{"line":5,"column":5}},"loc":{"start":{"line":5,"column":64},"end":{"line":7,"column":5}},"line":5},"1":{"name":"(anonymous_1)","decl":{"start":{"line":9,"column":4},"end":{"line":9,"column":5}},"loc":{"start":{"line":9,"column":31},"end":{"line":11,"column":5}},"line":9},"2":{"name":"(anonymous_2)","decl":{"start":{"line":13,"column":4},"end":{"line":13,"column":5}},"loc":{"start":{"line":13,"column":27},"end":{"line":18,"column":5}},"line":13},"3":{"name":"(anonymous_3)","decl":{"start":{"line":20,"column":4},"end":{"line":20,"column":5}},"loc":{"start":{"line":20,"column":26},"end":{"line":26,"column":5}},"line":20}},"branchMap":{"0":{"loc":{"start":{"line":14,"column":8},"end":{"line":16,"column":9}},"type":"if","locations":[{"start":{"line":14,"column":8},"end":{"line":16,"column":9}},{"start":{},"end":{}}],"line":14},"1":{"loc":{"start":{"line":21,"column":8},"end":{"line":25,"column":9}},"type":"if","locations":[{"start":{"line":21,"column":8},"end":{"line":25,"column":9}},{"start":{"line":23,"column":15},"end":{"line":25,"column":9}}],"line":21}},"s":{"0":2,"1":2,"2":4,"3":1,"4":2,"5":1,"6":1,"7":7,"8":6,"9":1,"10":2},"f":{"0":4,"1":1,"2":2,"3":7},"b":{"0":[1,1],"1":[6,1]},"_coverageSchema":"1a1c01bbd47fc00a2c39e90264f33305004495a9","hash":"d369338a18620a24095d74d2ae519a3d10f7ba39"}
,"C:\\Users\\ivan_\\OneDrive\\Desktop\\Maestria\\TECNICAS Y HERRAMIENTAS\\TyH 2024\\TyH2024-Tpfinal\\src\\models\\SesionWorkshop.js": {"path":"C:\\Users\\ivan_\\OneDrive\\Desktop\\Maestria\\TECNICAS Y HERRAMIENTAS\\TyH 2024\\TyH2024-Tpfinal\\src\\models\\SesionWorkshop.js","statementMap":{"0":{"start":{"line":3,"column":15},"end":{"line":3,"column":34}},"1":{"start":{"line":4,"column":25},"end":{"line":4,"column":43}},"2":{"start":{"line":8,"column":8},"end":{"line":8,"column":74}},"3":{"start":{"line":9,"column":8},"end":{"line":9,"column":41}},"4":{"start":{"line":13,"column":8},"end":{"line":13,"column":59}},"5":{"start":{"line":17,"column":28},"end":{"line":17,"column":30}},"6":{"start":{"line":18,"column":8},"end":{"line":22,"column":9}},"7":{"start":{"line":19,"column":27},"end":{"line":19,"column":68}},"8":{"start":{"line":20,"column":37},"end":{"line":20,"column":102}},"9":{"start":{"line":20,"column":71},"end":{"line":20,"column":101}},"10":{"start":{"line":21,"column":12},"end":{"line":21,"column":87}},"11":{"start":{"line":23,"column":8},"end":{"line":23,"column":29}},"12":{"start":{"line":27,"column":8},"end":{"line":31,"column":9}},"13":{"start":{"line":28,"column":12},"end":{"line":28,"column":42}},"14":{"start":{"line":30,"column":12},"end":{"line":30,"column":101}},"15":{"start":{"line":35,"column":0},"end":{"line":35,"column":32}}},"fnMap":{"0":{"name":"(anonymous_0)","decl":{"start":{"line":7,"column":4},"end":{"line":7,"column":5}},"loc":{"start":{"line":7,"column":64},"end":{"line":10,"column":5}},"line":7},"1":{"name":"(anonymous_1)","decl":{"start":{"line":12,"column":4},"end":{"line":12,"column":5}},"loc":{"start":{"line":12,"column":45},"end":{"line":14,"column":5}},"line":12},"2":{"name":"(anonymous_2)","decl":{"start":{"line":16,"column":4},"end":{"line":16,"column":5}},"loc":{"start":{"line":16,"column":27},"end":{"line":24,"column":5}},"line":16},"3":{"name":"(anonymous_3)","decl":{"start":{"line":20,"column":59},"end":{"line":20,"column":60}},"loc":{"start":{"line":20,"column":71},"end":{"line":20,"column":101}},"line":20},"4":{"name":"(anonymous_4)","decl":{"start":{"line":26,"column":4},"end":{"line":26,"column":5}},"loc":{"start":{"line":26,"column":26},"end":{"line":32,"column":5}},"line":26}},"branchMap":{"0":{"loc":{"start":{"line":27,"column":8},"end":{"line":31,"column":9}},"type":"if","locations":[{"start":{"line":27,"column":8},"end":{"line":31,"column":9}},{"start":{"line":29,"column":15},"end":{"line":31,"column":9}}],"line":27},"1":{"loc":{"start":{"line":27,"column":12},"end":{"line":27,"column":91}},"type":"binary-expr","locations":[{"start":{"line":27,"column":12},"end":{"line":27,"column":50}},{"start":{"line":27,"column":54},"end":{"line":27,"column":91}}],"line":27}},"s":{"0":2,"1":2,"2":4,"3":4,"4":2,"5":2,"6":2,"7":2,"8":2,"9":8,"10":2,"11":2,"12":7,"13":6,"14":1,"15":2},"f":{"0":4,"1":2,"2":2,"3":8,"4":7},"b":{"0":[6,1],"1":[7,4]},"_coverageSchema":"1a1c01bbd47fc00a2c39e90264f33305004495a9","hash":"54b68ad6e0d054e58c4120b34f064d534fc1645c"}
,"C:\\Users\\ivan_\\OneDrive\\Desktop\\Maestria\\TECNICAS Y HERRAMIENTAS\\TyH 2024\\TyH2024-Tpfinal\\src\\models\\Usuario.js": {"path":"C:\\Users\\ivan_\\OneDrive\\Desktop\\Maestria\\TECNICAS Y HERRAMIENTAS\\TyH 2024\\TyH2024-Tpfinal\\src\\models\\Usuario.js","statementMap":{"0":{"start":{"line":3,"column":8},"end":{"line":3,"column":45}},"1":{"start":{"line":4,"column":8},"end":{"line":4,"column":37}},"2":{"start":{"line":5,"column":8},"end":{"line":5,"column":27}},"3":{"start":{"line":6,"column":8},"end":{"line":6,"column":37}},"4":{"start":{"line":7,"column":8},"end":{"line":7,"column":24}},"5":{"start":{"line":11,"column":8},"end":{"line":11,"column":29}},"6":{"start":{"line":17,"column":8},"end":{"line":17,"column":113}},"7":{"start":{"line":21,"column":0},"end":{"line":21,"column":25}}},"fnMap":{"0":{"name":"(anonymous_0)","decl":{"start":{"line":2,"column":4},"end":{"line":2,"column":5}},"loc":{"start":{"line":2,"column":63},"end":{"line":8,"column":5}},"line":2},"1":{"name":"(anonymous_1)","decl":{"start":{"line":10,"column":4},"end":{"line":10,"column":5}},"loc":{"start":{"line":10,"column":16},"end":{"line":12,"column":5}},"line":10},"2":{"name":"(anonymous_2)","decl":{"start":{"line":14,"column":4},"end":{"line":14,"column":5}},"loc":{"start":{"line":14,"column":21},"end":{"line":18,"column":5}},"line":14}},"branchMap":{},"s":{"0":32,"1":32,"2":32,"3":32,"4":32,"5":3,"6":2,"7":3},"f":{"0":32,"1":3,"2":2},"b":{},"_coverageSchema":"1a1c01bbd47fc00a2c39e90264f33305004495a9","hash":"d95354e867c3cffd2fd30b939d0ddb539a7722c9"}
,"C:\\Users\\ivan_\\OneDrive\\Desktop\\Maestria\\TECNICAS Y HERRAMIENTAS\\TyH 2024\\TyH2024-Tpfinal\\src\\models\\enums.js": {"path":"C:\\Users\\ivan_\\OneDrive\\Desktop\\Maestria\\TECNICAS Y HERRAMIENTAS\\TyH 2024\\TyH2024-Tpfinal\\src\\models\\enums.js","statementMap":{"0":{"start":{"line":1,"column":19},"end":{"line":5,"column":2}},"1":{"start":{"line":7,"column":21},"end":{"line":10,"column":2}},"2":{"start":{"line":12,"column":23},"end":{"line":20,"column":2}},"3":{"start":{"line":22,"column":22},"end":{"line":26,"column":2}},"4":{"start":{"line":28,"column":0},"end":{"line":28,"column":77}}},"fnMap":{},"branchMap":{},"s":{"0":5,"1":5,"2":5,"3":5,"4":5},"f":{},"b":{},"_coverageSchema":"1a1c01bbd47fc00a2c39e90264f33305004495a9","hash":"e5ec66b8f119364edfc436c44798ce973d5d347d"}
,"C:\\Users\\ivan_\\OneDrive\\Desktop\\Maestria\\TECNICAS Y HERRAMIENTAS\\TyH 2024\\TyH2024-Tpfinal\\src\\strategies\\MetodoSeleccion.js": {"path":"C:\\Users\\ivan_\\OneDrive\\Desktop\\Maestria\\TECNICAS Y HERRAMIENTAS\\TyH 2024\\TyH2024-Tpfinal\\src\\strategies\\MetodoSeleccion.js","statementMap":{"0":{"start":{"line":3,"column":8},"end":{"line":3,"column":71}},"1":{"start":{"line":7,"column":0},"end":{"line":7,"column":33}}},"fnMap":{"0":{"name":"(anonymous_0)","decl":{"start":{"line":2,"column":4},"end":{"line":2,"column":5}},"loc":{"start":{"line":2,"column":27},"end":{"line":4,"column":5}},"line":2}},"branchMap":{},"s":{"0":1,"1":1},"f":{"0":1},"b":{},"_coverageSchema":"1a1c01bbd47fc00a2c39e90264f33305004495a9","hash":"88297d3245c147533efc643db35c77bbc003b013"}
,"C:\\Users\\ivan_\\OneDrive\\Desktop\\Maestria\\TECNICAS Y HERRAMIENTAS\\TyH 2024\\TyH2024-Tpfinal\\src\\strategies\\MetodoSeleccionCorteFijo.js": {"path":"C:\\Users\\ivan_\\OneDrive\\Desktop\\Maestria\\TECNICAS Y HERRAMIENTAS\\TyH 2024\\TyH2024-Tpfinal\\src\\strategies\\MetodoSeleccionCorteFijo.js","statementMap":{"0":{"start":{"line":1,"column":24},"end":{"line":1,"column":52}},"1":{"start":{"line":5,"column":8},"end":{"line":5,"column":16}},"2":{"start":{"line":6,"column":8},"end":{"line":6,"column":35}},"3":{"start":{"line":10,"column":32},"end":{"line":10,"column":79}},"4":{"start":{"line":10,"column":57},"end":{"line":10,"column":78}},"5":{"start":{"line":11,"column":37},"end":{"line":11,"column":87}},"6":{"start":{"line":12,"column":8},"end":{"line":12,"column":62}},"7":{"start":{"line":16,"column":0},"end":{"line":16,"column":42}}},"fnMap":{"0":{"name":"(anonymous_0)","decl":{"start":{"line":4,"column":4},"end":{"line":4,"column":5}},"loc":{"start":{"line":4,"column":27},"end":{"line":7,"column":5}},"line":4},"1":{"name":"(anonymous_1)","decl":{"start":{"line":9,"column":4},"end":{"line":9,"column":5}},"loc":{"start":{"line":9,"column":27},"end":{"line":13,"column":5}},"line":9},"2":{"name":"(anonymous_2)","decl":{"start":{"line":10,"column":47},"end":{"line":10,"column":48}},"loc":{"start":{"line":10,"column":57},"end":{"line":10,"column":78}},"line":10}},"branchMap":{},"s":{"0":1,"1":2,"2":2,"3":2,"4":3,"5":2,"6":2,"7":1},"f":{"0":2,"1":2,"2":3},"b":{},"_coverageSchema":"1a1c01bbd47fc00a2c39e90264f33305004495a9","hash":"19d5ee126204ff09f7048014ce0c82480190c0e6"}
,"C:\\Users\\ivan_\\OneDrive\\Desktop\\Maestria\\TECNICAS Y HERRAMIENTAS\\TyH 2024\\TyH2024-Tpfinal\\src\\strategies\\MetodoSeleccionMejores.js": {"path":"C:\\Users\\ivan_\\OneDrive\\Desktop\\Maestria\\TECNICAS Y HERRAMIENTAS\\TyH 2024\\TyH2024-Tpfinal\\src\\strategies\\MetodoSeleccionMejores.js","statementMap":{"0":{"start":{"line":1,"column":24},"end":{"line":1,"column":52}},"1":{"start":{"line":5,"column":8},"end":{"line":5,"column":16}},"2":{"start":{"line":6,"column":8},"end":{"line":6,"column":43}},"3":{"start":{"line":10,"column":8},"end":{"line":10,"column":84}},"4":{"start":{"line":10,"column":44},"end":{"line":10,"column":82}},"5":{"start":{"line":14,"column":0},"end":{"line":14,"column":40}}},"fnMap":{"0":{"name":"(anonymous_0)","decl":{"start":{"line":4,"column":4},"end":{"line":4,"column":5}},"loc":{"start":{"line":4,"column":31},"end":{"line":7,"column":5}},"line":4},"1":{"name":"(anonymous_1)","decl":{"start":{"line":9,"column":4},"end":{"line":9,"column":5}},"loc":{"start":{"line":9,"column":27},"end":{"line":11,"column":5}},"line":9},"2":{"name":"(anonymous_2)","decl":{"start":{"line":10,"column":32},"end":{"line":10,"column":33}},"loc":{"start":{"line":10,"column":44},"end":{"line":10,"column":82}},"line":10}},"branchMap":{},"s":{"0":1,"1":2,"2":2,"3":2,"4":5,"5":1},"f":{"0":2,"1":2,"2":5},"b":{},"_coverageSchema":"1a1c01bbd47fc00a2c39e90264f33305004495a9","hash":"f9f35c53963ff5664cc12f6dcc7ebfdac60c8220"}
}
