TN:
SF:src\models\Bid.js
FN:4,(anonymous_0)
FNF:1
FNH:1
FNDA:6,(anonymous_0)
DA:1,3
DA:5,6
DA:6,1
DA:8,5
DA:12,3
LF:5
LH:5
BRDA:5,0,0,1
BRDA:5,0,1,5
BRF:2
BRH:2
end_of_record
TN:
SF:src\models\Conferencia.js
FN:7,(anonymous_0)
FN:16,(anonymous_1)
FN:35,(anonymous_2)
FN:39,(anonymous_3)
FN:43,(anonymous_4)
FN:44,(anonymous_5)
FN:47,(anonymous_6)
FN:48,(anonymous_7)
FNF:8
FNH:8
FNDA:8,(anonymous_0)
FNDA:4,(anonymous_1)
FNDA:3,(anonymous_2)
FNDA:3,(anonymous_3)
FNDA:1,(anonymous_4)
FNDA:2,(anonymous_5)
FNDA:1,(anonymous_6)
FNDA:2,(anonymous_7)
DA:1,1
DA:2,1
DA:3,1
DA:4,1
DA:8,8
DA:9,8
DA:10,8
DA:11,8
DA:12,8
DA:13,8
DA:18,4
DA:20,1
DA:21,1
DA:23,1
DA:24,1
DA:26,1
DA:27,1
DA:29,1
DA:31,3
DA:32,3
DA:36,3
DA:40,3
DA:44,2
DA:48,2
DA:53,1
LF:25
LH:25
BRDA:18,0,0,1
BRDA:18,0,1,1
BRDA:18,0,2,1
BRDA:18,0,3,1
BRF:4
BRH:4
end_of_record
TN:
SF:src\models\Revision.js
FN:4,(anonymous_0)
FNF:1
FNH:1
FNDA:36,(anonymous_0)
DA:1,6
DA:5,36
DA:6,1
DA:9,35
DA:10,35
DA:11,35
DA:15,6
LF:7
LH:7
BRDA:5,0,0,1
BRDA:5,0,1,35
BRDA:5,1,0,36
BRDA:5,1,1,36
BRF:4
BRH:4
end_of_record
TN:
SF:src\models\enums.js
FNF:0
FNH:0
DA:1,7
DA:7,7
DA:12,7
DA:22,7
DA:28,7
DA:36,7
DA:42,7
LF:7
LH:7
BRF:0
BRH:0
end_of_record
TN:
SF:src\models\Articulo\Articulo.js
FN:4,(anonymous_0)
FN:36,(anonymous_1)
FN:40,(anonymous_2)
FN:41,(anonymous_3)
FN:44,(anonymous_4)
FN:52,(anonymous_5)
FN:60,(anonymous_6)
FN:64,(anonymous_7)
FN:72,(anonymous_8)
FN:75,(anonymous_9)
FNF:10
FNH:10
FNDA:58,(anonymous_0)
FNDA:1,(anonymous_1)
FNDA:1,(anonymous_2)
FNDA:1,(anonymous_3)
FNDA:3,(anonymous_4)
FNDA:4,(anonymous_5)
FNDA:2,(anonymous_6)
FNDA:23,(anonymous_7)
FNDA:22,(anonymous_8)
FNDA:36,(anonymous_9)
DA:1,3
DA:5,58
DA:6,1
DA:9,57
DA:14,2
DA:16,55
DA:17,55
DA:18,55
DA:19,55
DA:20,55
DA:21,55
DA:22,55
DA:23,55
DA:24,55
DA:25,55
DA:27,55
DA:28,40
DA:29,15
DA:30,2
DA:32,13
DA:37,1
DA:41,1
DA:45,3
DA:46,2
DA:48,1
DA:53,4
DA:54,2
DA:56,2
DA:61,2
DA:65,23
DA:66,3
DA:68,20
DA:69,20
DA:73,22
DA:74,20
DA:75,36
DA:78,20
DA:80,2
DA:85,3
LF:39
LH:39
BRDA:4,0,0,1
BRDA:5,1,0,1
BRDA:5,1,1,57
BRDA:9,2,0,2
BRDA:9,2,1,55
BRDA:10,3,0,57
BRDA:10,3,1,57
BRDA:10,3,2,56
BRDA:27,4,0,40
BRDA:27,4,1,15
BRDA:27,5,0,55
BRDA:27,5,1,42
BRDA:29,6,0,2
BRDA:29,6,1,13
BRDA:45,7,0,2
BRDA:45,7,1,1
BRDA:45,8,0,3
BRDA:45,8,1,3
BRDA:53,9,0,2
BRDA:53,9,1,2
BRDA:65,10,0,3
BRDA:65,10,1,20
BRDA:73,11,0,20
BRDA:73,11,1,2
BRF:24
BRH:24
end_of_record
TN:
SF:src\models\Articulo\ArticuloPoster.js
FN:5,(anonymous_0)
FNF:1
FNH:1
FNDA:17,(anonymous_0)
DA:1,2
DA:2,2
DA:12,17
DA:19,15
DA:23,2
LF:5
LH:5
BRDA:10,0,0,5
BRF:1
BRH:1
end_of_record
TN:
SF:src\models\Articulo\ArticuloRegular.js
FN:5,(anonymous_0)
FNF:1
FNH:1
FNDA:39,(anonymous_0)
DA:1,3
DA:2,3
DA:13,39
DA:20,37
DA:21,37
DA:22,1
DA:24,36
DA:28,3
LF:8
LH:8
BRDA:10,0,0,10
BRDA:11,1,0,29
BRDA:21,2,0,1
BRDA:21,2,1,36
BRF:4
BRH:4
end_of_record
TN:
SF:src\models\Sesiones\Sesion.js
FN:5,(anonymous_0)
FN:19,(anonymous_1)
FN:23,(anonymous_2)
FN:27,(anonymous_3)
FN:31,(anonymous_4)
FN:35,(anonymous_5)
FN:45,(anonymous_6)
FN:63,(anonymous_7)
FN:73,(anonymous_8)
FNF:9
FNH:9
FNDA:27,(anonymous_0)
FNDA:1,(anonymous_1)
FNDA:1,(anonymous_2)
FNDA:1,(anonymous_3)
FNDA:12,(anonymous_4)
FNDA:3,(anonymous_5)
FNDA:8,(anonymous_6)
FNDA:3,(anonymous_7)
FNDA:3,(anonymous_8)
DA:1,2
DA:2,2
DA:6,27
DA:7,2
DA:9,25
DA:10,25
DA:11,25
DA:12,25
DA:13,25
DA:14,25
DA:15,25
DA:16,25
DA:20,1
DA:24,1
DA:28,1
DA:32,12
DA:36,3
DA:37,1
DA:41,2
DA:42,2
DA:46,8
DA:47,2
DA:51,6
DA:52,1
DA:56,5
DA:57,1
DA:59,4
DA:60,1
DA:63,3
DA:64,3
DA:65,1
DA:70,2
DA:74,3
DA:75,1
DA:79,2
DA:80,1
DA:82,1
DA:86,2
LF:38
LH:38
BRDA:6,0,0,2
BRDA:6,0,1,25
BRDA:36,1,0,1
BRDA:36,1,1,2
BRDA:46,2,0,2
BRDA:46,2,1,6
BRDA:51,3,0,1
BRDA:51,3,1,5
BRDA:56,4,0,1
BRDA:56,4,1,4
BRDA:56,5,0,5
BRDA:56,5,1,5
BRDA:59,6,0,1
BRDA:59,6,1,3
BRDA:64,7,0,1
BRDA:64,7,1,2
BRDA:74,8,0,1
BRDA:74,8,1,2
BRDA:79,9,0,1
BRDA:79,9,1,1
BRF:20
BRH:20
end_of_record
TN:
SF:src\models\Sesiones\SesionPoster.js
FN:5,(anonymous_0)
FN:9,(anonymous_1)
FN:13,(anonymous_2)
FN:20,(anonymous_3)
FNF:4
FNH:4
FNDA:5,(anonymous_0)
FNDA:1,(anonymous_1)
FNDA:2,(anonymous_2)
FNDA:7,(anonymous_3)
DA:1,2
DA:2,2
DA:6,5
DA:10,1
DA:14,2
DA:15,1
DA:17,1
DA:21,7
DA:22,6
DA:24,1
DA:31,2
LF:11
LH:11
BRDA:14,0,0,1
BRDA:14,0,1,1
BRDA:21,1,0,6
BRDA:21,1,1,1
BRF:4
BRH:4
end_of_record
TN:
SF:src\models\Sesiones\SesionRegular.js
FN:5,(anonymous_0)
FN:9,(anonymous_1)
FN:13,(anonymous_2)
FN:20,(anonymous_3)
FNF:4
FNH:4
FNDA:15,(anonymous_0)
FNDA:1,(anonymous_1)
FNDA:2,(anonymous_2)
FNDA:8,(anonymous_3)
DA:1,2
DA:2,2
DA:6,15
DA:10,1
DA:14,2
DA:15,1
DA:17,1
DA:21,8
DA:22,7
DA:24,1
DA:31,2
LF:11
LH:11
BRDA:14,0,0,1
BRDA:14,0,1,1
BRDA:21,1,0,7
BRDA:21,1,1,1
BRF:4
BRH:4
end_of_record
TN:
SF:src\models\Sesiones\SesionWorkshop.js
FN:5,(anonymous_0)
FN:12,(anonymous_1)
FN:22,(anonymous_2)
FN:24,(anonymous_3)
FN:27,(anonymous_4)
FN:45,(anonymous_5)
FNF:6
FNH:6
FNDA:4,(anonymous_0)
FNDA:3,(anonymous_1)
FNDA:2,(anonymous_2)
FNDA:6,(anonymous_3)
FNDA:6,(anonymous_4)
FNDA:7,(anonymous_5)
DA:1,2
DA:2,2
DA:6,4
DA:8,4
DA:9,4
DA:13,3
DA:14,1
DA:15,2
DA:16,1
DA:18,1
DA:23,2
DA:24,6
DA:26,2
DA:27,6
DA:30,2
DA:31,2
DA:32,1
DA:36,2
DA:37,2
DA:38,1
DA:42,2
DA:46,7
DA:50,6
DA:52,1
DA:59,2
LF:25
LH:25
BRDA:13,0,0,1
BRDA:13,0,1,2
BRDA:15,1,0,1
BRDA:15,1,1,1
BRDA:31,2,0,1
BRDA:31,2,1,1
BRDA:37,3,0,1
BRDA:37,3,1,1
BRDA:46,4,0,6
BRDA:46,4,1,1
BRDA:47,5,0,7
BRDA:47,5,1,4
BRF:12
BRH:12
end_of_record
TN:
SF:src\models\Usuarios\Autor.js
FN:5,(anonymous_0)
FNF:1
FNH:1
FNDA:62,(anonymous_0)
DA:1,4
DA:2,4
DA:6,62
DA:7,62
DA:11,4
LF:5
LH:5
BRF:0
BRH:0
end_of_record
TN:
SF:src\models\Usuarios\Chair.js
FN:5,(anonymous_0)
FNF:1
FNH:1
FNDA:5,(anonymous_0)
DA:1,2
DA:2,2
DA:6,5
DA:7,5
DA:11,2
LF:5
LH:5
BRF:0
BRH:0
end_of_record
TN:
SF:src\models\Usuarios\Revisor.js
FN:6,(anonymous_0)
FN:12,(anonymous_1)
FNF:2
FNH:2
FNDA:23,(anonymous_0)
FNDA:8,(anonymous_1)
DA:1,4
DA:2,4
DA:3,4
DA:7,23
DA:8,23
DA:9,23
DA:13,8
DA:14,8
DA:15,7
DA:19,4
LF:10
LH:10
BRF:0
BRH:0
end_of_record
TN:
SF:src\models\Usuarios\Usuario.js
FN:2,(anonymous_0)
FN:13,(anonymous_1)
FN:19,(anonymous_2)
FN:20,(anonymous_3)
FNF:4
FNH:4
FNDA:91,(anonymous_0)
FNDA:92,(anonymous_1)
FNDA:2,(anonymous_2)
FNDA:2,(anonymous_3)
DA:3,91
DA:4,1
DA:6,90
DA:7,90
DA:8,90
DA:9,90
DA:10,90
DA:14,92
DA:15,91
DA:20,2
DA:24,5
LF:11
LH:11
BRDA:3,0,0,1
BRDA:3,0,1,90
BRDA:14,1,0,91
BRDA:14,1,1,1
BRF:4
BRH:4
end_of_record
TN:
SF:src\strategies\MetodoSeleccion.js
FN:2,(anonymous_0)
FNF:1
FNH:1
FNDA:1,(anonymous_0)
DA:3,1
DA:7,1
LF:2
LH:2
BRF:0
BRH:0
end_of_record
TN:
SF:src\strategies\MetodoSeleccionCorteFijo.js
FN:4,(anonymous_0)
FN:9,(anonymous_1)
FN:10,(anonymous_2)
FNF:3
FNH:3
FNDA:3,(anonymous_0)
FNDA:2,(anonymous_1)
FNDA:3,(anonymous_2)
DA:1,1
DA:5,3
DA:6,3
DA:10,3
DA:11,2
DA:14,2
DA:18,1
LF:7
LH:7
BRF:0
BRH:0
end_of_record
TN:
SF:src\strategies\MetodoSeleccionMejores.js
FN:4,(anonymous_0)
FN:9,(anonymous_1)
FN:11,(anonymous_2)
FN:13,(anonymous_3)
FNF:4
FNH:4
FNDA:2,(anonymous_0)
FNDA:2,(anonymous_1)
FNDA:5,(anonymous_2)
FNDA:5,(anonymous_3)
DA:1,1
DA:5,2
DA:6,2
DA:11,2
DA:13,5
DA:15,5
DA:20,1
LF:7
LH:7
BRF:0
BRH:0
end_of_record
