TN:
SF:src\models\Articulo.js
FN:4,(anonymous_0)
FN:25,(anonymous_1)
FN:29,(anonymous_2)
FN:30,(anonymous_3)
FN:33,(anonymous_4)
FN:37,(anonymous_5)
FNF:6
FNH:3
FNDA:6,(anonymous_0)
FNDA:2,(anonymous_1)
FNDA:0,(anonymous_2)
FNDA:0,(anonymous_3)
FNDA:2,(anonymous_4)
FNDA:0,(anonymous_5)
DA:1,1
DA:5,6
DA:6,1
DA:8,5
DA:9,5
DA:10,5
DA:11,5
DA:12,5
DA:13,5
DA:14,5
DA:16,5
DA:17,2
DA:18,3
DA:19,1
DA:21,2
DA:26,2
DA:30,0
DA:34,2
DA:38,0
DA:39,0
DA:41,0
DA:46,1
LF:22
LH:18
BRDA:4,0,0,0
BRDA:5,1,0,1
BRDA:5,1,1,5
BRDA:5,2,0,6
BRDA:5,2,1,6
BRDA:5,2,2,6
BRDA:16,3,0,2
BRDA:16,3,1,3
BRDA:16,4,0,5
BRDA:16,4,1,3
BRDA:18,5,0,1
BRDA:18,5,1,2
BRDA:38,6,0,0
BRDA:38,6,1,0
BRF:14
BRH:11
end_of_record
TN:
SF:src\models\ArticuloPoster.js
FN:5,(anonymous_0)
FNF:1
FNH:1
FNDA:3,(anonymous_0)
DA:1,1
DA:2,1
DA:6,3
DA:7,1
DA:11,1
LF:5
LH:5
BRDA:5,0,0,2
BRF:1
BRH:1
end_of_record
TN:
SF:src\models\ArticuloRegular.js
FN:5,(anonymous_0)
FNF:1
FNH:1
FNDA:3,(anonymous_0)
DA:1,1
DA:2,1
DA:6,3
DA:7,3
DA:11,1
LF:5
LH:5
BRDA:5,0,0,1
BRF:1
BRH:1
end_of_record
TN:
SF:src\models\Conferencia.js
FN:7,(anonymous_0)
FN:14,(anonymous_1)
FNF:2
FNH:2
FNDA:1,(anonymous_0)
FNDA:4,(anonymous_1)
DA:1,1
DA:2,1
DA:3,1
DA:4,1
DA:8,1
DA:9,1
DA:10,1
DA:11,1
DA:16,4
DA:18,1
DA:19,1
DA:21,1
DA:22,1
DA:24,1
DA:25,1
DA:27,1
DA:29,3
DA:30,3
DA:34,1
LF:19
LH:19
BRDA:16,0,0,1
BRDA:16,0,1,1
BRDA:16,0,2,1
BRDA:16,0,3,1
BRF:4
BRH:4
end_of_record
TN:
SF:src\models\Rol.js
FN:2,(anonymous_0)
FNF:1
FNH:1
FNDA:3,(anonymous_0)
DA:3,3
DA:7,1
LF:2
LH:2
BRF:0
BRH:0
end_of_record
TN:
SF:src\models\Sesion.js
FN:6,(anonymous_0)
FN:18,(anonymous_1)
FN:22,(anonymous_2)
FN:26,(anonymous_3)
FNF:4
FNH:1
FNDA:3,(anonymous_0)
FNDA:0,(anonymous_1)
FNDA:0,(anonymous_2)
FNDA:0,(anonymous_3)
DA:3,1
DA:7,3
DA:8,0
DA:10,3
DA:11,3
DA:12,3
DA:13,3
DA:14,3
DA:15,3
DA:19,0
DA:23,0
DA:27,0
DA:31,1
LF:13
LH:9
BRDA:7,0,0,0
BRDA:7,0,1,3
BRF:2
BRH:1
end_of_record
TN:
SF:src\models\SesionPoster.js
FN:6,(anonymous_0)
FN:10,(anonymous_1)
FN:14,(anonymous_2)
FNF:3
FNH:1
FNDA:1,(anonymous_0)
FNDA:0,(anonymous_1)
FNDA:0,(anonymous_2)
DA:3,1
DA:7,1
DA:11,0
DA:15,0
DA:16,0
DA:18,0
DA:22,1
LF:7
LH:3
BRDA:15,0,0,0
BRDA:15,0,1,0
BRF:2
BRH:0
end_of_record
TN:
SF:src\models\SesionRegular.js
FN:4,(anonymous_0)
FN:8,(anonymous_1)
FN:12,(anonymous_2)
FNF:3
FNH:1
FNDA:1,(anonymous_0)
FNDA:0,(anonymous_1)
FNDA:0,(anonymous_2)
DA:1,1
DA:5,1
DA:9,0
DA:13,0
DA:14,0
DA:16,0
DA:20,1
LF:7
LH:3
BRDA:13,0,0,0
BRDA:13,0,1,0
BRF:2
BRH:0
end_of_record
TN:
SF:src\models\SesionWorkshop.js
FN:7,(anonymous_0)
FN:13,(anonymous_1)
FN:21,(anonymous_2)
FN:22,(anonymous_3)
FN:23,(anonymous_4)
FNF:5
FNH:1
FNDA:1,(anonymous_0)
FNDA:0,(anonymous_1)
FNDA:0,(anonymous_2)
FNDA:0,(anonymous_3)
FNDA:0,(anonymous_4)
DA:3,1
DA:4,1
DA:8,1
DA:9,1
DA:10,1
DA:14,0
DA:15,0
DA:16,0
DA:17,0
DA:22,0
DA:23,0
DA:25,0
DA:26,0
DA:27,0
DA:29,0
DA:30,0
DA:33,0
DA:37,1
LF:18
LH:6
BRDA:14,0,0,0
BRDA:14,0,1,0
BRDA:16,1,0,0
BRDA:16,1,1,0
BRDA:26,2,0,0
BRDA:26,2,1,0
BRDA:29,3,0,0
BRDA:29,3,1,0
BRF:8
BRH:0
end_of_record
TN:
SF:src\models\Usuario.js
FN:4,(anonymous_0)
FN:12,(anonymous_1)
FNF:2
FNH:2
FNDA:17,(anonymous_0)
FNDA:3,(anonymous_1)
DA:5,17
DA:6,17
DA:7,17
DA:8,17
DA:9,17
DA:13,3
DA:17,2
LF:7
LH:7
BRF:0
BRH:0
end_of_record
TN:
SF:src\models\enums.js
FNF:0
FNH:0
DA:1,2
DA:7,2
DA:12,2
DA:22,2
DA:28,2
LF:5
LH:5
BRF:0
BRH:0
end_of_record
